2025-08-31 19:30:35,941 [INFO] Activator:176 - 


2025-08-31 19:30:35,945 [INFO] Activator:177 - !SESSION log4j initialized
2025-08-31 19:30:39,164 [INFO] LogOutputStream:77 - [STDOUT_REDIRECT] 
2025-08-31 19:30:41,091 [INFO] ApplicationProperties:184 - Using Application install path: C:\ST\STM32CubeIDE_1.18.1\STM32CubeIDE\plugins\com.st.stm32cube.common.mx_6.14.1.202504091515
2025-08-31 19:30:41,106 [INFO] DbMcusXml:78 - Set database path to: C:\ST\STM32CubeIDE_1.18.1\STM32CubeIDE\plugins\com.st.stm32cube.common.mx_6.14.1.202504091515\\db\/mcu/
2025-08-31 19:30:41,106 [INFO] ApiDb:274 - Set plugin database path to: C:\ST\STM32CubeIDE_1.18.1\STM32CubeIDE\plugins\com.st.stm32cube.common.mx_6.14.1.202504091515\\db\/plugins/boardmanager/
2025-08-31 19:30:41,107 [WARN] ApiDb:259 - Overriding images path with different value:  => C:\ST\STM32CubeIDE_1.18.1\STM32CubeIDE\plugins\com.st.stm32cube.common.mx_6.14.1.202504091515\\db\/plugins/mcufinder/images/
2025-08-31 19:30:41,119 [INFO] ApiDb:250 - Set database path to: C:\Users\sargs\.stmcufinder\plugins\mcufinder//mcu/
2025-08-31 19:30:41,120 [INFO] DbMcusAds:125 - Set database path to: C:\Users\sargs\.stmcufinder\plugins\mcufinder//mcu/
2025-08-31 19:30:41,121 [INFO] CrossReferenceDbSqlite:203 - Set database path to: C:\Users\sargs\.stmcufinder\plugins\mcufinder//mcu/cs/
2025-08-31 19:30:41,209 [INFO] RulesReader:64 - Compatibility file has been processed (302 Rules)
2025-08-31 19:30:41,270 [INFO] DbMcusXml:78 - Set database path to: C:\ST\STM32CubeIDE_1.18.1\STM32CubeIDE\plugins\com.st.stm32cube.common.mx_6.14.1.202504091515\\db\/mcu/
2025-08-31 19:30:41,270 [INFO] ApiDb:274 - Set plugin database path to: C:\ST\STM32CubeIDE_1.18.1\STM32CubeIDE\plugins\com.st.stm32cube.common.mx_6.14.1.202504091515\\db\/plugins/boardmanager/
2025-08-31 19:30:41,270 [INFO] ApiDb:261 - Set plugin images path to: C:\ST\STM32CubeIDE_1.18.1\STM32CubeIDE\plugins\com.st.stm32cube.common.mx_6.14.1.202504091515\\db\/plugins/mcufinder/images/
2025-08-31 19:30:41,270 [WARN] DbFile:41 - Overriding database path with different value: C:\Users\sargs\.stmcufinder\plugins\mcufinder/ => C:\Users\sargs\.stmcufinder\plugins\mcufinder
2025-08-31 19:30:41,270 [INFO] ApiDb:250 - Set database path to: C:\Users\sargs\.stmcufinder\plugins\mcufinder//mcu/
2025-08-31 19:30:41,270 [WARN] DbFile:41 - Overriding database path with different value: C:\Users\sargs\.stmcufinder\plugins\mcufinder/ => C:\Users\sargs\.stmcufinder\plugins\mcufinder
2025-08-31 19:30:41,271 [INFO] DbMcusAds:125 - Set database path to: C:\Users\sargs\.stmcufinder\plugins\mcufinder//mcu/
2025-08-31 19:30:41,271 [WARN] DbFile:41 - Overriding database path with different value: C:\Users\sargs\.stmcufinder\plugins\mcufinder/ => C:\Users\sargs\.stmcufinder\plugins\mcufinder
2025-08-31 19:30:41,271 [WARN] DbFile:41 - Overriding database path with different value: C:\Users\sargs\.stmcufinder\plugins\mcufinder/ => C:\Users\sargs\.stmcufinder\plugins\mcufinder
2025-08-31 19:30:41,271 [INFO] CrossReferenceDbSqlite:203 - Set database path to: C:\Users\sargs\.stmcufinder\plugins\mcufinder//mcu/cs/
2025-08-31 19:30:41,324 [INFO] MainPanel:272 - HeapMemory: 268435456
2025-08-31 19:30:41,401 [INFO] DbMcusXml:78 - Set database path to: C:\ST\STM32CubeIDE_1.18.1\STM32CubeIDE\plugins\com.st.stm32cube.common.mx_6.14.1.202504091515\\db\/mcu/
2025-08-31 19:30:41,401 [INFO] ApiDb:274 - Set plugin database path to: C:\ST\STM32CubeIDE_1.18.1\STM32CubeIDE\plugins\com.st.stm32cube.common.mx_6.14.1.202504091515\\db\/plugins/boardmanager/
2025-08-31 19:30:41,401 [INFO] ApiDb:261 - Set plugin images path to: C:\ST\STM32CubeIDE_1.18.1\STM32CubeIDE\plugins\com.st.stm32cube.common.mx_6.14.1.202504091515\\db\/plugins/mcufinder/images/
2025-08-31 19:30:41,401 [WARN] DbFile:41 - Overriding database path with different value: C:\Users\sargs\.stmcufinder\plugins\mcufinder/ => C:\Users\sargs\.stmcufinder\plugins\mcufinder
2025-08-31 19:30:41,401 [INFO] ApiDb:250 - Set database path to: C:\Users\sargs\.stmcufinder\plugins\mcufinder//mcu/
2025-08-31 19:30:41,401 [WARN] DbFile:41 - Overriding database path with different value: C:\Users\sargs\.stmcufinder\plugins\mcufinder/ => C:\Users\sargs\.stmcufinder\plugins\mcufinder
2025-08-31 19:30:41,401 [INFO] DbMcusAds:125 - Set database path to: C:\Users\sargs\.stmcufinder\plugins\mcufinder//mcu/
2025-08-31 19:30:41,401 [WARN] DbFile:41 - Overriding database path with different value: C:\Users\sargs\.stmcufinder\plugins\mcufinder/ => C:\Users\sargs\.stmcufinder\plugins\mcufinder
2025-08-31 19:30:41,401 [WARN] DbFile:41 - Overriding database path with different value: C:\Users\sargs\.stmcufinder\plugins\mcufinder/ => C:\Users\sargs\.stmcufinder\plugins\mcufinder
2025-08-31 19:30:41,401 [INFO] CrossReferenceDbSqlite:203 - Set database path to: C:\Users\sargs\.stmcufinder\plugins\mcufinder//mcu/cs/
2025-08-31 19:30:41,415 [INFO] ApplicationProperties:184 - Using Application install path: C:\ST\STM32CubeIDE_1.18.1\STM32CubeIDE\plugins\com.st.stm32cube.common.mx_6.14.1.202504091515
2025-08-31 19:30:41,415 [INFO] PluginManage:196 - Search for loadable plugins [exclusion list=, ]
2025-08-31 19:30:41,417 [INFO] PluginManage:310 - Check plugin analytics
2025-08-31 19:30:41,594 [INFO] AnalyticsPlugin:253 - Accepted Software Licenses: 
2025-08-31 19:30:41,594 [INFO] AnalyticsPlugin:255 - Accepted CMSIS Pack Licenses: 
2025-08-31 19:30:41,594 [INFO] AnalyticsPlugin:257 - Accepted Firmware Licenses: 
2025-08-31 19:30:41,616 [INFO] PluginManage:359 - Loaded plugin analytics (category:tool,tabindex:-1)
2025-08-31 19:30:41,616 [INFO] PluginManage:310 - Check plugin cadmodel
2025-08-31 19:30:41,639 [INFO] CADModel:105 - Init CAD model plugin
2025-08-31 19:30:41,639 [INFO] PluginManage:359 - Loaded plugin cadmodel (category:power,tabindex:5)
2025-08-31 19:30:41,639 [INFO] PluginManage:310 - Check plugin clock
2025-08-31 19:30:41,662 [INFO] PluginManage:359 - Loaded plugin clock (category:base,tabindex:2)
2025-08-31 19:30:41,663 [INFO] PluginManage:310 - Check plugin ddr
2025-08-31 19:30:41,665 [INFO] PluginManage:359 - Loaded plugin ddr (category:tool,tabindex:6)
2025-08-31 19:30:41,665 [INFO] PluginManage:310 - Check plugin filemanager
2025-08-31 19:30:41,797 [INFO] PluginManage:359 - Loaded plugin filemanager (category:base,tabindex:10)
2025-08-31 19:30:41,797 [INFO] PluginManage:310 - Check plugin ipmanager
2025-08-31 19:30:41,803 [INFO] PluginManage:359 - Loaded plugin ipmanager (category:base,tabindex:5)
2025-08-31 19:30:41,803 [INFO] PluginManage:310 - Check plugin lpbam
2025-08-31 19:30:41,818 [INFO] PluginManage:359 - Loaded plugin lpbam (category:base,tabindex:0)
2025-08-31 19:30:41,819 [INFO] PluginManage:310 - Check plugin memorymap
2025-08-31 19:30:41,837 [INFO] PluginManage:359 - Loaded plugin memorymap (category:base,tabindex:4)
2025-08-31 19:30:41,837 [INFO] PluginManage:310 - Check plugin pinoutandconfiguration
2025-08-31 19:30:41,852 [INFO] PluginManage:359 - Loaded plugin pinoutandconfiguration (category:base,tabindex:1)
2025-08-31 19:30:41,852 [INFO] PluginManage:310 - Check plugin pinoutconfig
2025-08-31 19:30:41,919 [WARN] SupportedApi:132 - Cannot load RTOS API schema: s4s-elt-must-match.1: The content of 'definitions' must match (annotation?, (simpleType | complexType)?, (unique | key | keyref)*)). A problem was found starting at: attribute.
2025-08-31 19:30:42,007 [INFO] PluginManage:359 - Loaded plugin pinoutconfig (category:base,tabindex:0)
2025-08-31 19:30:42,007 [INFO] PluginManage:310 - Check plugin power
2025-08-31 19:30:42,024 [INFO] PluginManage:359 - Loaded plugin power (category:power,tabindex:4)
2025-08-31 19:30:42,025 [INFO] PluginManage:310 - Check plugin projectmanager
2025-08-31 19:30:42,037 [INFO] PluginManage:359 - Loaded plugin projectmanager (category:projectmanager,tabindex:4)
2025-08-31 19:30:42,038 [INFO] PluginManage:310 - Check plugin rif
2025-08-31 19:30:42,053 [INFO] PluginManage:359 - Loaded plugin rif (category:base,tabindex:3)
2025-08-31 19:30:42,054 [INFO] PluginManage:310 - Check plugin thirdparty
2025-08-31 19:30:42,297 [INFO] PluginManage:359 - Loaded plugin thirdparty (category:base,tabindex:-1)
2025-08-31 19:30:42,297 [WARN] IntegrityCheckThread:84 - waiting for thirdparty lock release [integrity check]
2025-08-31 19:30:42,297 [INFO] IntegrityCheckThread:86 - entering critical section [integrity check]
2025-08-31 19:30:42,297 [INFO] PluginManage:310 - Check plugin tools
2025-08-31 19:30:42,297 [INFO] ThirdPartyUpdaterWithRetryManager:70 - Updater plugin not ready yet. [1/15]
2025-08-31 19:30:42,327 [INFO] PluginManage:359 - Loaded plugin tools (category:base,tabindex:7)
2025-08-31 19:30:42,327 [INFO] PluginManage:310 - Check plugin tutovideos
2025-08-31 19:30:42,462 [INFO] PluginManage:359 - Loaded plugin tutovideos (category:base,tabindex:-1)
2025-08-31 19:30:42,463 [INFO] PluginManage:310 - Check plugin updater
2025-08-31 19:30:42,480 [INFO] PluginManage:359 - Loaded plugin updater (category:base,tabindex:12)
2025-08-31 19:30:42,480 [INFO] PluginManage:310 - Check plugin userauth
2025-08-31 19:30:42,484 [INFO] UserAuth:118 - Init User Auth plugin
2025-08-31 19:30:42,485 [INFO] PluginManage:359 - Loaded plugin userauth (category:base,tabindex:14)
2025-08-31 19:30:42,485 [INFO] PluginManage:283 - PluginManage : Loaded plugins [18]
2025-08-31 19:30:42,634 [INFO] PinOutPanel:1589 - setPackage(No Configuration,No Configuration)
2025-08-31 19:30:42,693 [INFO] CADModel:165 - CPN selected for project level
2025-08-31 19:30:42,693 [INFO] CADModel:114 - Register for checkConnection events
2025-08-31 19:30:42,718 [INFO] IPUIPlugin:80 - create IPUIPlugin
2025-08-31 19:30:42,718 [INFO] PluginManager:220 - loadIPPluginJar : add adc
2025-08-31 19:30:42,755 [INFO] IPUIPlugin:80 - create IPUIPlugin
2025-08-31 19:30:42,755 [INFO] PluginManager:220 - loadIPPluginJar : add aes
2025-08-31 19:30:42,795 [INFO] IPUIPlugin:80 - create IPUIPlugin
2025-08-31 19:30:42,795 [INFO] PluginManager:220 - loadIPPluginJar : add can
2025-08-31 19:30:42,819 [INFO] IPUIPlugin:80 - create IPUIPlugin
2025-08-31 19:30:42,819 [INFO] PluginManager:220 - loadIPPluginJar : add comp
2025-08-31 19:30:42,850 [INFO] IPUIPlugin:80 - create IPUIPlugin
2025-08-31 19:30:42,850 [INFO] PluginManager:220 - loadIPPluginJar : add cryp
2025-08-31 19:30:42,860 [INFO] IPUIPlugin:80 - create IPUIPlugin
2025-08-31 19:30:42,860 [INFO] PluginManager:220 - loadIPPluginJar : add ddr_ctrl_phy
2025-08-31 19:30:42,886 [INFO] IPUIPlugin:80 - create IPUIPlugin
2025-08-31 19:30:42,886 [INFO] PluginManager:220 - loadIPPluginJar : add dfsdm
2025-08-31 19:30:42,899 [INFO] IPUIPlugin:80 - create IPUIPlugin
2025-08-31 19:30:42,900 [INFO] PluginManager:220 - loadIPPluginJar : add dma
2025-08-31 19:30:42,932 [INFO] IPUIPlugin:80 - create IPUIPlugin
2025-08-31 19:30:42,932 [INFO] PluginManager:220 - loadIPPluginJar : add dma3
2025-08-31 19:30:42,970 [INFO] IPUIPlugin:80 - create IPUIPlugin
2025-08-31 19:30:42,970 [INFO] PluginManager:220 - loadIPPluginJar : add extmemmanager
2025-08-31 19:30:42,991 [INFO] IPUIPlugin:80 - create IPUIPlugin
2025-08-31 19:30:42,991 [INFO] PluginManager:220 - loadIPPluginJar : add fatfs
2025-08-31 19:30:43,038 [INFO] IPUIPlugin:80 - create IPUIPlugin
2025-08-31 19:30:43,038 [INFO] PluginManager:220 - loadIPPluginJar : add fmc
2025-08-31 19:30:43,052 [INFO] IPUIPlugin:80 - create IPUIPlugin
2025-08-31 19:30:43,052 [INFO] PluginManager:220 - loadIPPluginJar : add freertos
2025-08-31 19:30:43,070 [INFO] IPUIPlugin:80 - create IPUIPlugin
2025-08-31 19:30:43,070 [INFO] PluginManager:220 - loadIPPluginJar : add genericplugin
2025-08-31 19:30:43,146 [INFO] IPUIPlugin:80 - create IPUIPlugin
2025-08-31 19:30:43,146 [INFO] PluginManager:220 - loadIPPluginJar : add gfxmmu
2025-08-31 19:30:43,252 [INFO] IPUIPlugin:80 - create IPUIPlugin
2025-08-31 19:30:43,252 [INFO] PluginManager:220 - loadIPPluginJar : add gic
2025-08-31 19:30:43,263 [INFO] IPUIPlugin:80 - create IPUIPlugin
2025-08-31 19:30:43,263 [INFO] PluginManager:220 - loadIPPluginJar : add gpio
2025-08-31 19:30:43,335 [INFO] IPUIPlugin:80 - create IPUIPlugin
2025-08-31 19:30:43,336 [INFO] PluginManager:220 - loadIPPluginJar : add gtzc
2025-08-31 19:30:43,365 [INFO] IPUIPlugin:80 - create IPUIPlugin
2025-08-31 19:30:43,366 [INFO] PluginManager:220 - loadIPPluginJar : add hash
2025-08-31 19:30:43,408 [INFO] IPUIPlugin:80 - create IPUIPlugin
2025-08-31 19:30:43,408 [INFO] PluginManager:220 - loadIPPluginJar : add i2c
2025-08-31 19:30:43,443 [INFO] IPUIPlugin:80 - create IPUIPlugin
2025-08-31 19:30:43,443 [INFO] PluginManager:220 - loadIPPluginJar : add i2s
2025-08-31 19:30:43,480 [INFO] IPUIPlugin:80 - create IPUIPlugin
2025-08-31 19:30:43,480 [INFO] PluginManager:220 - loadIPPluginJar : add i3c
2025-08-31 19:30:43,563 [INFO] IPUIPlugin:80 - create IPUIPlugin
2025-08-31 19:30:43,564 [INFO] PluginManager:220 - loadIPPluginJar : add ipddr
2025-08-31 19:30:43,640 [INFO] IPUIPlugin:80 - create IPUIPlugin
2025-08-31 19:30:43,640 [INFO] PluginManager:220 - loadIPPluginJar : add linkedlist
2025-08-31 19:30:43,672 [INFO] IPUIPlugin:80 - create IPUIPlugin
2025-08-31 19:30:43,673 [INFO] PluginManager:220 - loadIPPluginJar : add lorawan
2025-08-31 19:30:43,705 [INFO] IPUIPlugin:80 - create IPUIPlugin
2025-08-31 19:30:43,705 [INFO] PluginManager:220 - loadIPPluginJar : add ltdc
2025-08-31 19:30:43,719 [INFO] IPUIPlugin:80 - create IPUIPlugin
2025-08-31 19:30:43,719 [INFO] PluginManager:220 - loadIPPluginJar : add mdma
2025-08-31 19:30:43,730 [INFO] IPUIPlugin:80 - create IPUIPlugin
2025-08-31 19:30:43,730 [INFO] PluginManager:220 - loadIPPluginJar : add nvic
2025-08-31 19:30:43,763 [INFO] IPUIPlugin:80 - create IPUIPlugin
2025-08-31 19:30:43,763 [INFO] PluginManager:220 - loadIPPluginJar : add opamp
2025-08-31 19:30:43,816 [INFO] IPUIPlugin:80 - create IPUIPlugin
2025-08-31 19:30:43,816 [INFO] PluginManager:220 - loadIPPluginJar : add openamp
2025-08-31 19:30:43,854 [INFO] IPUIPlugin:80 - create IPUIPlugin
2025-08-31 19:30:43,854 [INFO] PluginManager:220 - loadIPPluginJar : add pdm2pcm
2025-08-31 19:30:43,867 [INFO] IPUIPlugin:80 - create IPUIPlugin
2025-08-31 19:30:43,868 [INFO] PluginManager:220 - loadIPPluginJar : add plateformsettings
2025-08-31 19:30:43,890 [INFO] IPUIPlugin:80 - create IPUIPlugin
2025-08-31 19:30:43,890 [INFO] PluginManager:220 - loadIPPluginJar : add quadspi
2025-08-31 19:30:43,913 [INFO] IPUIPlugin:80 - create IPUIPlugin
2025-08-31 19:30:43,914 [INFO] PluginManager:220 - loadIPPluginJar : add radio
2025-08-31 19:30:43,926 [INFO] IPUIPlugin:80 - create IPUIPlugin
2025-08-31 19:30:43,926 [INFO] PluginManager:220 - loadIPPluginJar : add resmgrutility
2025-08-31 19:30:43,969 [INFO] IPUIPlugin:80 - create IPUIPlugin
2025-08-31 19:30:43,969 [INFO] PluginManager:220 - loadIPPluginJar : add sai
2025-08-31 19:30:44,000 [INFO] IPUIPlugin:80 - create IPUIPlugin
2025-08-31 19:30:44,000 [INFO] PluginManager:220 - loadIPPluginJar : add spi
2025-08-31 19:30:44,059 [INFO] IPUIPlugin:80 - create IPUIPlugin
2025-08-31 19:30:44,059 [INFO] PluginManager:220 - loadIPPluginJar : add stm32_wpan
2025-08-31 19:30:44,080 [INFO] IPUIPlugin:80 - create IPUIPlugin
2025-08-31 19:30:44,081 [INFO] PluginManager:220 - loadIPPluginJar : add tim
2025-08-31 19:30:44,128 [INFO] IPUIPlugin:80 - create IPUIPlugin
2025-08-31 19:30:44,128 [INFO] PluginManager:220 - loadIPPluginJar : add touchsensing
2025-08-31 19:30:44,148 [INFO] IPUIPlugin:80 - create IPUIPlugin
2025-08-31 19:30:44,149 [INFO] PluginManager:220 - loadIPPluginJar : add tracer_emb
2025-08-31 19:30:44,169 [INFO] IPUIPlugin:80 - create IPUIPlugin
2025-08-31 19:30:44,169 [INFO] PluginManager:220 - loadIPPluginJar : add ts
2025-08-31 19:30:44,188 [INFO] IPUIPlugin:80 - create IPUIPlugin
2025-08-31 19:30:44,189 [INFO] PluginManager:220 - loadIPPluginJar : add tsc
2025-08-31 19:30:44,208 [INFO] IPUIPlugin:80 - create IPUIPlugin
2025-08-31 19:30:44,208 [INFO] PluginManager:220 - loadIPPluginJar : add ucpd
2025-08-31 19:30:44,245 [INFO] IPUIPlugin:80 - create IPUIPlugin
2025-08-31 19:30:44,245 [INFO] PluginManager:220 - loadIPPluginJar : add usart
2025-08-31 19:30:44,283 [INFO] IPUIPlugin:80 - create IPUIPlugin
2025-08-31 19:30:44,284 [INFO] PluginManager:220 - loadIPPluginJar : add usbx
2025-08-31 19:30:44,388 [FATAL] Updater:351 - Updater called before beeing initialized
2025-08-31 19:30:44,407 [INFO] RulesReader:64 - Compatibility file has been processed (302 Rules)
2025-08-31 19:30:44,415 [INFO] RulesReader:64 - Compatibility file has been processed (302 Rules)
2025-08-31 19:30:44,420 [INFO] CADModel:165 - CPN selected for project level
2025-08-31 19:30:44,420 [INFO] CADModel:114 - Register for checkConnection events
2025-08-31 19:30:44,420 [FATAL] Updater:351 - Updater called before beeing initialized
2025-08-31 19:30:44,420 [ERROR] CADModel:125 - Updater not yet initialized, retry later 
2025-08-31 19:30:44,532 [FATAL] Updater:351 - Updater called before beeing initialized
2025-08-31 19:30:44,533 [INFO] CADModel:165 - CPN selected for project level
2025-08-31 19:30:44,534 [INFO] CADModel:114 - Register for checkConnection events
2025-08-31 19:30:44,534 [FATAL] Updater:351 - Updater called before beeing initialized
2025-08-31 19:30:44,534 [ERROR] CADModel:125 - Updater not yet initialized, retry later 
2025-08-31 19:30:44,536 [FATAL] Updater:351 - Updater called before beeing initialized
2025-08-31 19:30:44,601 [FATAL] Updater:351 - Updater called before beeing initialized
2025-08-31 19:30:44,609 [INFO] DbMcusAds:53 - JSON generation date=Thu Jun 19 11:32:34 MSK 2025 (1750321954415)
2025-08-31 19:30:44,609 [FATAL] Updater:351 - Updater called before beeing initialized
2025-08-31 19:30:44,637 [WARN] DetailPanel:346 - Failed to get advertising image, set to default
2025-08-31 19:30:44,785 [FATAL] Updater:351 - Updater called before beeing initialized
2025-08-31 19:30:44,788 [FATAL] Updater:351 - Updater called before beeing initialized
2025-08-31 19:30:44,788 [FATAL] Updater:351 - Updater called before beeing initialized
2025-08-31 19:30:44,789 [WARN] DetailPanel:346 - Failed to get advertising image, set to default
2025-08-31 19:30:44,789 [FATAL] Updater:351 - Updater called before beeing initialized
2025-08-31 19:30:44,832 [ERROR] Updater:1198 - MainUpdater not yet initialized. External WinMGr cannot be set.
2025-08-31 19:30:44,840 [INFO] Updater:1134 - Updater Version found : 6.14.1
2025-08-31 19:30:44,854 [INFO] ApplicationProperties:184 - Using Application install path: C:\ST\STM32CubeIDE_1.18.1\STM32CubeIDE\plugins\com.st.stm32cube.common.mx_6.14.1.202504091515
2025-08-31 19:30:45,300 [INFO] ThirdPartyUpdaterWithRetryManager:70 - Updater plugin not ready yet. [2/15]
2025-08-31 19:30:46,425 [ERROR] LogOutputStream:75 - [STDERR_REDIRECT] Aug 31, 2025 7:30:46 PM java.util.prefs.WindowsPreferences <init>
2025-08-31 19:30:46,426 [ERROR] LogOutputStream:75 - [STDERR_REDIRECT] WARNING: Could not open/create prefs root node Software\JavaSoft\Prefs at root 0xffffffff80000002. Windows RegCreateKeyEx(...) returned error code 5.
2025-08-31 19:30:46,426 [ERROR] LogOutputStream:75 - [STDERR_REDIRECT] 
2025-08-31 19:30:47,006 [ERROR] CheckConnectionManager:249 - Problem, Http access forbiden
2025-08-31 19:30:47,009 [INFO] MainUpdater:2872 - connection check result : 22
2025-08-31 19:30:47,009 [INFO] MainUpdater:289 - Updater Check For Update Now.
2025-08-31 19:30:47,009 [INFO] MicroXplorer:498 - Change Database Version : DB.6.0.141
2025-08-31 19:30:47,021 [INFO] McuFinderGlobals:63 - Set McuFinder mode to 2 (CubeIDE integrated)
2025-08-31 19:30:47,031 [INFO] UserAuth:484 - Internet connection configuration mode: 2
2025-08-31 19:30:47,037 [INFO] UserAuth:484 - Internet connection configuration mode: 2
2025-08-31 19:30:47,210 [INFO] CheckServerUpdateThread:120 - End of CheckServer Thread
2025-08-31 19:30:48,433 [WARN] PackLoader:240 - Cannot read IP mode file for STMicroelectronics.FP-SNS-MOTENVWB1.1.4.0
2025-08-31 19:30:48,448 [WARN] PackLoader:240 - Cannot read IP mode file for STMicroelectronics.X-CUBE-SMBUS.2.1.0
2025-08-31 19:30:48,479 [WARN] PackLoader:240 - Cannot read IP mode file for STMicroelectronics.X-CUBE-AZRTOS-F7.1.1.0
2025-08-31 19:30:48,512 [WARN] PackLoader:240 - Cannot read IP mode file for Infineon.AIROC-Wi-Fi-Bluetooth-STM32.1.7.1
2025-08-31 19:30:48,551 [WARN] PackLoader:240 - Cannot read IP mode file for STMicroelectronics.X-CUBE-AZRTOS-H7.3.4.0
2025-08-31 19:30:48,571 [WARN] PackLoader:240 - Cannot read IP mode file for STMicroelectronics.X-CUBE-DISPLAY.3.0.0
2025-08-31 19:30:48,593 [WARN] PackLoader:240 - Cannot read IP mode file for STMicroelectronics.X-CUBE-NFC10.1.0.0
2025-08-31 19:30:48,612 [WARN] PackLoader:240 - Cannot read IP mode file for STMicroelectronics.X-CUBE-BLEMGR.4.0.0
2025-08-31 19:30:48,630 [WARN] ConditionMgr:438 - getConditionDescription Invalid condition id : Cortex-A Device cause : null
2025-08-31 19:30:48,649 [WARN] ConditionMgr:1044 - genDependencies : Invalid condition id : Cortex-A Device cause : null
2025-08-31 19:30:48,649 [WARN] ConditionMgr:1044 - genDependencies : Invalid condition id : Cortex-A Device cause : null
2025-08-31 19:30:48,649 [WARN] ConditionMgr:1044 - genDependencies : Invalid condition id : Cortex-A Device cause : null
2025-08-31 19:30:48,661 [WARN] PackLoader:240 - Cannot read IP mode file for STMicroelectronics.FP-SNS-SMARTAG2.1.2.0
2025-08-31 19:30:48,676 [INFO] LogOutputStream:77 - [STDOUT_REDIRECT] 1 : Invalid condition id : UX_CORESTACK_Condition cause : null
2025-08-31 19:30:48,677 [INFO] LogOutputStream:77 - [STDOUT_REDIRECT] 1 : Invalid condition id : UX_CORESTACK_Condition cause : null
2025-08-31 19:30:48,678 [INFO] LogOutputStream:77 - [STDOUT_REDIRECT] 1 : Invalid condition id : UX_CORESTACK_Condition cause : null
2025-08-31 19:30:48,679 [INFO] LogOutputStream:77 - [STDOUT_REDIRECT] 1 : Invalid condition id : UX_CORESTACK_Condition cause : null
2025-08-31 19:30:48,680 [INFO] LogOutputStream:77 - [STDOUT_REDIRECT] 1 : Invalid condition id : UX_CORESTACK_Condition cause : null
2025-08-31 19:30:48,681 [WARN] PackLoader:240 - Cannot read IP mode file for STMicroelectronics.X-CUBE-AZRTOS-WL.2.0.0
2025-08-31 19:30:48,695 [WARN] PackLoader:240 - Cannot read IP mode file for STMicroelectronics.FP-SNS-MOTENV1.5.0.0
2025-08-31 19:30:48,713 [WARN] PackLoader:240 - Cannot read IP mode file for WES.I-CUBE-Cesium.1.3.0
2025-08-31 19:30:48,732 [WARN] PackLoader:240 - Cannot read IP mode file for STMicroelectronics.X-CUBE-BLE2.3.3.0
2025-08-31 19:30:48,754 [WARN] PackLoader:240 - Cannot read IP mode file for STMicroelectronics.X-CUBE-NFC9.1.0.0
2025-08-31 19:30:48,773 [WARN] PackLoader:240 - Cannot read IP mode file for STMicroelectronics.X-CUBE-EEPRMA1.5.2.0
2025-08-31 19:30:48,798 [WARN] PackLoader:240 - Cannot read IP mode file for STMicroelectronics.X-CUBE-AZRTOS-G0.1.1.0
2025-08-31 19:30:48,812 [WARN] PackLoader:240 - Cannot read IP mode file for STMicroelectronics.X-CUBE-SAFEA1.1.2.2
2025-08-31 19:30:48,826 [WARN] PackLoader:240 - Cannot read IP mode file for STMicroelectronics.X-CUBE-NFC4.3.0.0
2025-08-31 19:30:48,845 [WARN] PackLoader:240 - Cannot read IP mode file for EmbeddedOffice.I-CUBE-FS-RTOS.1.0.1
2025-08-31 19:30:48,867 [WARN] PackLoader:240 - Cannot read IP mode file for STMicroelectronics.X-CUBE-TCPP.4.2.0
2025-08-31 19:30:48,888 [WARN] PackLoader:240 - Cannot read IP mode file for RealThread.X-CUBE-RT-Thread_Nano.4.1.1
2025-08-31 19:30:48,905 [WARN] PackLoader:240 - Cannot read IP mode file for STMicroelectronics.FP-ATR-SIGFOX1.3.2.0
2025-08-31 19:30:48,920 [WARN] PackLoader:240 - Cannot read IP mode file for STMicroelectronics.X-CUBE-EEPRMA1.5.1.0
2025-08-31 19:30:48,935 [WARN] PackLoader:240 - Cannot read IP mode file for ITTIA_DB.I-CUBE-ITTIADB.8.9.0
2025-08-31 19:30:48,971 [WARN] PackLoader:240 - Cannot read IP mode file for SEGGER.I-CUBE-embOS.1.3.1
2025-08-31 19:30:49,009 [WARN] PackLoader:240 - Cannot read IP mode file for STMicroelectronics.X-CUBE-ALGOBUILD.1.4.0
2025-08-31 19:30:49,032 [WARN] PackLoader:240 - Cannot read IP mode file for STMicroelectronics.X-CUBE-AZRTOS-F4.1.1.0
2025-08-31 19:30:49,042 [ERROR] LogOutputStream:75 - [STDERR_REDIRECT] [Fatal Error] :1:1: Premature end of file.
2025-08-31 19:30:49,043 [ERROR] LogOutputStream:75 - [STDERR_REDIRECT] 
2025-08-31 19:30:49,045 [WARN] PackLoader:240 - Cannot read IP mode file for Avnet-IotConnect.X-CUBE-IoTC-DA16k-PMOD.1.0.0
2025-08-31 19:30:49,059 [WARN] PackLoader:240 - Cannot read IP mode file for STMicroelectronics.X-CUBE-ISPU.2.1.0
2025-08-31 19:30:49,075 [WARN] PackLoader:240 - Cannot read IP mode file for STMicroelectronics.X-CUBE-NFC12.1.0.0
2025-08-31 19:30:49,121 [WARN] PackLoader:240 - Cannot read IP mode file for STMicroelectronics.X-CUBE-AZRTOS-L5.2.0.0
2025-08-31 19:30:49,150 [WARN] PackLoader:240 - Cannot read IP mode file for STMicroelectronics.X-CUBE-NFC6.3.1.0
2025-08-31 19:30:49,183 [WARN] ConditionMgr:438 - getConditionDescription Invalid condition id : LAN8742 Phy interface Condition cause : null
2025-08-31 19:30:49,183 [WARN] PackLoader:240 - Cannot read IP mode file for STMicroelectronics.X-CUBE-AZRTOS-L4.2.0.0
2025-08-31 19:30:49,184 [WARN] ConditionMgr:1044 - genDependencies : Invalid condition id : LAN8742 Phy interface Condition cause : null
2025-08-31 19:30:49,184 [WARN] ConditionMgr:1044 - genDependencies : Invalid condition id : LAN8742 Phy interface Condition cause : null
2025-08-31 19:30:49,184 [WARN] ConditionMgr:1044 - genDependencies : Invalid condition id : LAN8742 Phy interface Condition cause : null
2025-08-31 19:30:49,207 [WARN] PackLoader:240 - Cannot read IP mode file for STMicroelectronics.X-CUBE-SFXS2LP1.4.0.0
2025-08-31 19:30:49,257 [WARN] PackLoader:240 - Cannot read IP mode file for STMicroelectronics.X-CUBE-AZRTOS-H7.3.3.0
2025-08-31 19:30:49,268 [ERROR] LogOutputStream:75 - [STDERR_REDIRECT] [Fatal Error] :1:1: Premature end of file.
2025-08-31 19:30:49,269 [ERROR] LogOutputStream:75 - [STDERR_REDIRECT] 
2025-08-31 19:30:49,304 [WARN] ConditionMgr:438 - getConditionDescription Invalid condition id : UX DEVICE CLASS RTOS Condition cause : null
2025-08-31 19:30:49,304 [WARN] ConditionMgr:438 - getConditionDescription Invalid condition id : UX DEVICE CLASS RTOS Condition cause : null
2025-08-31 19:30:49,305 [WARN] PackLoader:240 - Cannot read IP mode file for STMicroelectronics.X-CUBE-AZRTOS-WB.2.0.0
2025-08-31 19:30:49,305 [WARN] ConditionMgr:1044 - genDependencies : Invalid condition id : UX DEVICE CLASS RTOS Condition cause : null
2025-08-31 19:30:49,305 [WARN] ConditionMgr:1044 - genDependencies : Invalid condition id : UX DEVICE CLASS RTOS Condition cause : null
2025-08-31 19:30:49,306 [WARN] ConditionMgr:1044 - genDependencies : Invalid condition id : UX DEVICE CLASS RTOS Condition cause : null
2025-08-31 19:30:49,307 [WARN] ConditionMgr:1044 - genDependencies : Invalid condition id : UX DEVICE CLASS RTOS Condition cause : null
2025-08-31 19:30:49,307 [WARN] ConditionMgr:1044 - genDependencies : Invalid condition id : UX DEVICE CLASS RTOS Condition cause : null
2025-08-31 19:30:49,332 [WARN] PackLoader:240 - Cannot read IP mode file for STMicroelectronics.X-CUBE-GNSS1.7.0.1
2025-08-31 19:30:49,355 [WARN] PackLoader:240 - Cannot read IP mode file for STMicroelectronics.FP-SNS-STBOX1.2.0.0
2025-08-31 19:30:49,377 [WARN] PackLoader:240 - Cannot read IP mode file for STMicroelectronics.X-CUBE-SUBG2.5.0.0
2025-08-31 19:30:49,397 [WARN] PackLoader:240 - Cannot read IP mode file for Cesanta.I-CUBE-Mongoose.7.13.0
2025-08-31 19:30:49,429 [WARN] PackLoader:240 - Cannot read IP mode file for STMicroelectronics.X-CUBE-AZRTOS-G4.2.0.0
2025-08-31 19:30:49,506 [WARN] PackLoader:240 - Cannot read IP mode file for STMicroelectronics.X-CUBE-IPS.3.1.0
2025-08-31 19:30:49,535 [WARN] PackLoader:240 - Cannot read IP mode file for STMicroelectronics.X-CUBE-ALS.1.0.2
2025-08-31 19:30:49,554 [WARN] PackLoader:240 - Cannot read IP mode file for portGmbH.I-Cube-SoM-uGOAL.1.1.0
2025-08-31 19:30:49,555 [INFO] ThirdParty:978 - Integrity check success = true
2025-08-31 19:30:49,555 [INFO] IntegrityCheckThread:100 - exiting critical section [integrity check]
2025-08-31 19:30:49,555 [INFO] IntegrityCheckThread:103 - End integrity checks thread
2025-08-31 19:30:50,131 [ERROR] LogOutputStream:75 - [STDERR_REDIRECT] [Fatal Error] :1:1: Premature end of file.
2025-08-31 19:30:50,131 [ERROR] LogOutputStream:75 - [STDERR_REDIRECT] 
2025-08-31 19:30:51,130 [ERROR] LogOutputStream:75 - [STDERR_REDIRECT] [Fatal Error] :1:1: Premature end of file.
2025-08-31 19:30:51,130 [ERROR] LogOutputStream:75 - [STDERR_REDIRECT] 
2025-08-31 19:30:52,131 [ERROR] LogOutputStream:75 - [STDERR_REDIRECT] [Fatal Error] :1:1: Premature end of file.
2025-08-31 19:30:52,131 [ERROR] LogOutputStream:75 - [STDERR_REDIRECT] 
2025-08-31 19:30:53,132 [ERROR] LogOutputStream:75 - [STDERR_REDIRECT] [Fatal Error] :1:1: Premature end of file.
2025-08-31 19:30:53,133 [ERROR] LogOutputStream:75 - [STDERR_REDIRECT] 
2025-08-31 19:30:54,625 [ERROR] LogOutputStream:75 - [STDERR_REDIRECT] [Fatal Error] :1:1: Premature end of file.
2025-08-31 19:30:54,625 [ERROR] LogOutputStream:75 - [STDERR_REDIRECT] 
2025-08-31 19:30:55,144 [ERROR] LogOutputStream:75 - [STDERR_REDIRECT] [Fatal Error] :1:1: Premature end of file.
2025-08-31 19:30:55,144 [ERROR] LogOutputStream:75 - [STDERR_REDIRECT] 
2025-08-31 19:30:56,139 [ERROR] LogOutputStream:75 - [STDERR_REDIRECT] [Fatal Error] :1:1: Premature end of file.
2025-08-31 19:30:56,140 [ERROR] LogOutputStream:75 - [STDERR_REDIRECT] 
2025-08-31 19:30:57,140 [ERROR] LogOutputStream:75 - [STDERR_REDIRECT] [Fatal Error] :1:1: Premature end of file.
2025-08-31 19:30:57,141 [ERROR] LogOutputStream:75 - [STDERR_REDIRECT] 
2025-08-31 19:30:58,137 [ERROR] LogOutputStream:75 - [STDERR_REDIRECT] [Fatal Error] :1:1: Premature end of file.
2025-08-31 19:30:58,137 [ERROR] LogOutputStream:75 - [STDERR_REDIRECT] 
2025-08-31 19:30:59,133 [ERROR] LogOutputStream:75 - [STDERR_REDIRECT] [Fatal Error] :1:1: Premature end of file.
2025-08-31 19:30:59,133 [ERROR] LogOutputStream:75 - [STDERR_REDIRECT] 
2025-08-31 19:31:00,134 [ERROR] LogOutputStream:75 - [STDERR_REDIRECT] [Fatal Error] :1:1: Premature end of file.
2025-08-31 19:31:00,134 [ERROR] LogOutputStream:75 - [STDERR_REDIRECT] 
2025-08-31 19:31:01,137 [ERROR] LogOutputStream:75 - [STDERR_REDIRECT] [Fatal Error] :1:1: Premature end of file.
2025-08-31 19:31:01,137 [ERROR] LogOutputStream:75 - [STDERR_REDIRECT] 
2025-08-31 19:31:02,137 [ERROR] LogOutputStream:75 - [STDERR_REDIRECT] [Fatal Error] :1:1: Premature end of file.
2025-08-31 19:31:02,137 [ERROR] LogOutputStream:75 - [STDERR_REDIRECT] 
2025-08-31 19:31:03,137 [ERROR] LogOutputStream:75 - [STDERR_REDIRECT] [Fatal Error] :1:1: Premature end of file.
2025-08-31 19:31:03,138 [ERROR] LogOutputStream:75 - [STDERR_REDIRECT] 
2025-08-31 19:31:04,142 [ERROR] LogOutputStream:75 - [STDERR_REDIRECT] [Fatal Error] :1:1: Premature end of file.
2025-08-31 19:31:04,143 [ERROR] LogOutputStream:75 - [STDERR_REDIRECT] 
2025-08-31 19:31:05,139 [ERROR] LogOutputStream:75 - [STDERR_REDIRECT] [Fatal Error] :1:1: Premature end of file.
2025-08-31 19:31:05,140 [ERROR] LogOutputStream:75 - [STDERR_REDIRECT] 
2025-08-31 19:31:06,147 [ERROR] LogOutputStream:75 - [STDERR_REDIRECT] [Fatal Error] :1:1: Premature end of file.
2025-08-31 19:31:06,147 [ERROR] LogOutputStream:75 - [STDERR_REDIRECT] 
2025-08-31 19:31:07,159 [ERROR] LogOutputStream:75 - [STDERR_REDIRECT] [Fatal Error] :1:1: Premature end of file.
2025-08-31 19:31:07,159 [ERROR] LogOutputStream:75 - [STDERR_REDIRECT] 
2025-08-31 19:31:08,159 [ERROR] LogOutputStream:75 - [STDERR_REDIRECT] [Fatal Error] :1:1: Premature end of file.
2025-08-31 19:31:08,159 [ERROR] LogOutputStream:75 - [STDERR_REDIRECT] 
2025-08-31 19:31:09,138 [ERROR] LogOutputStream:75 - [STDERR_REDIRECT] [Fatal Error] :1:1: Premature end of file.
2025-08-31 19:31:09,138 [ERROR] LogOutputStream:75 - [STDERR_REDIRECT] 
2025-08-31 19:31:10,136 [ERROR] LogOutputStream:75 - [STDERR_REDIRECT] [Fatal Error] :1:1: Premature end of file.
2025-08-31 19:31:10,136 [ERROR] LogOutputStream:75 - [STDERR_REDIRECT] 
2025-08-31 19:31:11,133 [ERROR] LogOutputStream:75 - [STDERR_REDIRECT] [Fatal Error] :1:1: Premature end of file.
2025-08-31 19:31:11,133 [ERROR] LogOutputStream:75 - [STDERR_REDIRECT] 
2025-08-31 19:31:12,133 [ERROR] LogOutputStream:75 - [STDERR_REDIRECT] [Fatal Error] :1:1: Premature end of file.
2025-08-31 19:31:12,133 [ERROR] LogOutputStream:75 - [STDERR_REDIRECT] 
2025-08-31 19:31:13,138 [ERROR] LogOutputStream:75 - [STDERR_REDIRECT] [Fatal Error] :1:1: Premature end of file.
2025-08-31 19:31:13,138 [ERROR] LogOutputStream:75 - [STDERR_REDIRECT] 
2025-08-31 19:31:14,138 [ERROR] LogOutputStream:75 - [STDERR_REDIRECT] [Fatal Error] :1:1: Premature end of file.
2025-08-31 19:31:14,138 [ERROR] LogOutputStream:75 - [STDERR_REDIRECT] 
2025-08-31 19:31:15,132 [ERROR] LogOutputStream:75 - [STDERR_REDIRECT] [Fatal Error] :1:1: Premature end of file.
2025-08-31 19:31:15,133 [ERROR] LogOutputStream:75 - [STDERR_REDIRECT] 
2025-08-31 19:31:16,132 [ERROR] LogOutputStream:75 - [STDERR_REDIRECT] [Fatal Error] :1:1: Premature end of file.
2025-08-31 19:31:16,132 [ERROR] LogOutputStream:75 - [STDERR_REDIRECT] 
2025-08-31 19:31:17,131 [ERROR] LogOutputStream:75 - [STDERR_REDIRECT] [Fatal Error] :1:1: Premature end of file.
2025-08-31 19:31:17,131 [ERROR] LogOutputStream:75 - [STDERR_REDIRECT] 
2025-08-31 19:31:18,129 [ERROR] LogOutputStream:75 - [STDERR_REDIRECT] [Fatal Error] :1:1: Premature end of file.
2025-08-31 19:31:18,129 [ERROR] LogOutputStream:75 - [STDERR_REDIRECT] 
2025-08-31 19:31:19,130 [ERROR] LogOutputStream:75 - [STDERR_REDIRECT] [Fatal Error] :1:1: Premature end of file.
2025-08-31 19:31:19,131 [ERROR] LogOutputStream:75 - [STDERR_REDIRECT] 
2025-08-31 19:31:20,131 [ERROR] LogOutputStream:75 - [STDERR_REDIRECT] [Fatal Error] :1:1: Premature end of file.
2025-08-31 19:31:20,131 [ERROR] LogOutputStream:75 - [STDERR_REDIRECT] 
2025-08-31 19:31:21,133 [ERROR] LogOutputStream:75 - [STDERR_REDIRECT] [Fatal Error] :1:1: Premature end of file.
2025-08-31 19:31:21,133 [ERROR] LogOutputStream:75 - [STDERR_REDIRECT] 
2025-08-31 19:31:22,131 [ERROR] LogOutputStream:75 - [STDERR_REDIRECT] [Fatal Error] :1:1: Premature end of file.
2025-08-31 19:31:22,131 [ERROR] LogOutputStream:75 - [STDERR_REDIRECT] 
2025-08-31 19:31:23,130 [ERROR] LogOutputStream:75 - [STDERR_REDIRECT] [Fatal Error] :1:1: Premature end of file.
2025-08-31 19:31:23,130 [ERROR] LogOutputStream:75 - [STDERR_REDIRECT] 
2025-08-31 19:31:24,128 [ERROR] LogOutputStream:75 - [STDERR_REDIRECT] [Fatal Error] :1:1: Premature end of file.
2025-08-31 19:31:24,128 [ERROR] LogOutputStream:75 - [STDERR_REDIRECT] 
2025-08-31 19:31:25,127 [ERROR] LogOutputStream:75 - [STDERR_REDIRECT] [Fatal Error] :1:1: Premature end of file.
2025-08-31 19:31:25,127 [ERROR] LogOutputStream:75 - [STDERR_REDIRECT] 
2025-08-31 19:31:26,128 [ERROR] LogOutputStream:75 - [STDERR_REDIRECT] [Fatal Error] :1:1: Premature end of file.
2025-08-31 19:31:26,128 [ERROR] LogOutputStream:75 - [STDERR_REDIRECT] 
2025-08-31 19:31:27,135 [ERROR] LogOutputStream:75 - [STDERR_REDIRECT] [Fatal Error] :1:1: Premature end of file.
2025-08-31 19:31:27,135 [ERROR] LogOutputStream:75 - [STDERR_REDIRECT] 
2025-08-31 19:31:28,137 [ERROR] LogOutputStream:75 - [STDERR_REDIRECT] [Fatal Error] :1:1: Premature end of file.
2025-08-31 19:31:28,137 [ERROR] LogOutputStream:75 - [STDERR_REDIRECT] 
2025-08-31 19:31:29,132 [ERROR] LogOutputStream:75 - [STDERR_REDIRECT] [Fatal Error] :1:1: Premature end of file.
2025-08-31 19:31:29,132 [ERROR] LogOutputStream:75 - [STDERR_REDIRECT] 
2025-08-31 19:31:30,134 [ERROR] LogOutputStream:75 - [STDERR_REDIRECT] [Fatal Error] :1:1: Premature end of file.
2025-08-31 19:31:30,134 [ERROR] LogOutputStream:75 - [STDERR_REDIRECT] 
2025-08-31 19:31:31,130 [ERROR] LogOutputStream:75 - [STDERR_REDIRECT] [Fatal Error] :1:1: Premature end of file.
2025-08-31 19:31:31,130 [ERROR] LogOutputStream:75 - [STDERR_REDIRECT] 
2025-08-31 19:31:32,130 [ERROR] LogOutputStream:75 - [STDERR_REDIRECT] [Fatal Error] :1:1: Premature end of file.
2025-08-31 19:31:32,130 [ERROR] LogOutputStream:75 - [STDERR_REDIRECT] 
2025-08-31 19:31:33,133 [ERROR] LogOutputStream:75 - [STDERR_REDIRECT] [Fatal Error] :1:1: Premature end of file.
2025-08-31 19:31:33,135 [ERROR] LogOutputStream:75 - [STDERR_REDIRECT] 
2025-08-31 19:31:34,136 [ERROR] LogOutputStream:75 - [STDERR_REDIRECT] [Fatal Error] :1:1: Premature end of file.
2025-08-31 19:31:34,137 [ERROR] LogOutputStream:75 - [STDERR_REDIRECT] 
2025-08-31 19:31:35,129 [ERROR] LogOutputStream:75 - [STDERR_REDIRECT] [Fatal Error] :1:1: Premature end of file.
2025-08-31 19:31:35,129 [ERROR] LogOutputStream:75 - [STDERR_REDIRECT] 
2025-08-31 19:31:36,138 [ERROR] LogOutputStream:75 - [STDERR_REDIRECT] [Fatal Error] :1:1: Premature end of file.
2025-08-31 19:31:36,138 [ERROR] LogOutputStream:75 - [STDERR_REDIRECT] 
2025-08-31 19:31:37,129 [ERROR] LogOutputStream:75 - [STDERR_REDIRECT] [Fatal Error] :1:1: Premature end of file.
2025-08-31 19:31:37,129 [ERROR] LogOutputStream:75 - [STDERR_REDIRECT] 
2025-08-31 19:31:38,133 [ERROR] LogOutputStream:75 - [STDERR_REDIRECT] [Fatal Error] :1:1: Premature end of file.
2025-08-31 19:31:38,133 [ERROR] LogOutputStream:75 - [STDERR_REDIRECT] 
2025-08-31 19:31:39,136 [ERROR] LogOutputStream:75 - [STDERR_REDIRECT] [Fatal Error] :1:1: Premature end of file.
2025-08-31 19:31:39,136 [ERROR] LogOutputStream:75 - [STDERR_REDIRECT] 
2025-08-31 19:31:40,136 [ERROR] LogOutputStream:75 - [STDERR_REDIRECT] [Fatal Error] :1:1: Premature end of file.
2025-08-31 19:31:40,136 [ERROR] LogOutputStream:75 - [STDERR_REDIRECT] 
2025-08-31 19:31:41,139 [ERROR] LogOutputStream:75 - [STDERR_REDIRECT] [Fatal Error] :1:1: Premature end of file.
2025-08-31 19:31:41,139 [ERROR] LogOutputStream:75 - [STDERR_REDIRECT] 
2025-08-31 19:31:42,136 [ERROR] LogOutputStream:75 - [STDERR_REDIRECT] [Fatal Error] :1:1: Premature end of file.
2025-08-31 19:31:42,136 [ERROR] LogOutputStream:75 - [STDERR_REDIRECT] 
2025-08-31 19:31:43,129 [ERROR] LogOutputStream:75 - [STDERR_REDIRECT] [Fatal Error] :1:1: Premature end of file.
2025-08-31 19:31:43,129 [ERROR] LogOutputStream:75 - [STDERR_REDIRECT] 
2025-08-31 19:31:44,141 [ERROR] LogOutputStream:75 - [STDERR_REDIRECT] [Fatal Error] :1:1: Premature end of file.
2025-08-31 19:31:44,141 [ERROR] LogOutputStream:75 - [STDERR_REDIRECT] 
2025-08-31 19:31:45,139 [ERROR] LogOutputStream:75 - [STDERR_REDIRECT] [Fatal Error] :1:1: Premature end of file.
2025-08-31 19:31:45,139 [ERROR] LogOutputStream:75 - [STDERR_REDIRECT] 
2025-08-31 19:31:46,137 [ERROR] LogOutputStream:75 - [STDERR_REDIRECT] [Fatal Error] :1:1: Premature end of file.
2025-08-31 19:31:46,137 [ERROR] LogOutputStream:75 - [STDERR_REDIRECT] 
2025-08-31 19:31:47,145 [ERROR] LogOutputStream:75 - [STDERR_REDIRECT] [Fatal Error] :1:1: Premature end of file.
2025-08-31 19:31:47,145 [ERROR] LogOutputStream:75 - [STDERR_REDIRECT] 
2025-08-31 19:31:48,098 [ERROR] LogOutputStream:75 - [STDERR_REDIRECT] 
