2024-08-15 09:08:22,220 [INFO] Activator:176 - 


2024-08-15 09:08:22,220 [INFO] Activator:177 - !SESSION log4j initialized
2024-08-15 09:08:43,060 [INFO] LogOutputStream:77 - [STDOUT_REDIRECT] 
2024-08-15 09:08:49,195 [INFO] ApplicationProperties:184 - Using Application install path: F:\Programs\STM32CubeIDE_1.16.0\STM32CubeIDE\plugins\com.st.stm32cube.common.mx_6.12.0.202406281431
2024-08-15 09:08:49,254 [INFO] DbMcusXml:78 - Set database path to: F:\Programs\STM32CubeIDE_1.16.0\STM32CubeIDE\plugins\com.st.stm32cube.common.mx_6.12.0.202406281431\\db\/mcu/
2024-08-15 09:08:49,254 [INFO] ApiDb:274 - Set plugin database path to: F:\Programs\STM32CubeIDE_1.16.0\STM32CubeIDE\plugins\com.st.stm32cube.common.mx_6.12.0.202406281431\\db\/plugins/boardmanager/
2024-08-15 09:08:49,255 [WARN] ApiDb:259 - Overriding images path with different value:  => F:\Programs\STM32CubeIDE_1.16.0\STM32CubeIDE\plugins\com.st.stm32cube.common.mx_6.12.0.202406281431\\db\/plugins/mcufinder/images/
2024-08-15 09:08:49,329 [INFO] ApiDb:250 - Set database path to: C:\Users\User\.stmcufinder\plugins\mcufinder//mcu/
2024-08-15 09:08:49,331 [INFO] DbMcusAds:125 - Set database path to: C:\Users\User\.stmcufinder\plugins\mcufinder//mcu/
2024-08-15 09:08:49,335 [INFO] CrossReferenceDbSqlite:203 - Set database path to: C:\Users\User\.stmcufinder\plugins\mcufinder//mcu/cs/
2024-08-15 09:08:49,561 [INFO] RulesReader:64 - Compatibility file has been processed (297 Rules)
2024-08-15 09:08:49,739 [INFO] DbMcusXml:78 - Set database path to: F:\Programs\STM32CubeIDE_1.16.0\STM32CubeIDE\plugins\com.st.stm32cube.common.mx_6.12.0.202406281431\\db\/mcu/
2024-08-15 09:08:49,739 [INFO] ApiDb:274 - Set plugin database path to: F:\Programs\STM32CubeIDE_1.16.0\STM32CubeIDE\plugins\com.st.stm32cube.common.mx_6.12.0.202406281431\\db\/plugins/boardmanager/
2024-08-15 09:08:49,739 [INFO] ApiDb:261 - Set plugin images path to: F:\Programs\STM32CubeIDE_1.16.0\STM32CubeIDE\plugins\com.st.stm32cube.common.mx_6.12.0.202406281431\\db\/plugins/mcufinder/images/
2024-08-15 09:08:49,740 [WARN] DbFile:41 - Overriding database path with different value: C:\Users\User\.stmcufinder\plugins\mcufinder/ => C:\Users\User\.stmcufinder\plugins\mcufinder
2024-08-15 09:08:49,740 [INFO] ApiDb:250 - Set database path to: C:\Users\User\.stmcufinder\plugins\mcufinder//mcu/
2024-08-15 09:08:49,740 [WARN] DbFile:41 - Overriding database path with different value: C:\Users\User\.stmcufinder\plugins\mcufinder/ => C:\Users\User\.stmcufinder\plugins\mcufinder
2024-08-15 09:08:49,740 [INFO] DbMcusAds:125 - Set database path to: C:\Users\User\.stmcufinder\plugins\mcufinder//mcu/
2024-08-15 09:08:49,740 [WARN] DbFile:41 - Overriding database path with different value: C:\Users\User\.stmcufinder\plugins\mcufinder/ => C:\Users\User\.stmcufinder\plugins\mcufinder
2024-08-15 09:08:49,740 [WARN] DbFile:41 - Overriding database path with different value: C:\Users\User\.stmcufinder\plugins\mcufinder/ => C:\Users\User\.stmcufinder\plugins\mcufinder
2024-08-15 09:08:49,741 [INFO] CrossReferenceDbSqlite:203 - Set database path to: C:\Users\User\.stmcufinder\plugins\mcufinder//mcu/cs/
2024-08-15 09:08:50,004 [INFO] MainPanel:268 - HeapMemory: 300941312
2024-08-15 09:08:50,283 [INFO] DbMcusXml:78 - Set database path to: F:\Programs\STM32CubeIDE_1.16.0\STM32CubeIDE\plugins\com.st.stm32cube.common.mx_6.12.0.202406281431\\db\/mcu/
2024-08-15 09:08:50,283 [INFO] ApiDb:274 - Set plugin database path to: F:\Programs\STM32CubeIDE_1.16.0\STM32CubeIDE\plugins\com.st.stm32cube.common.mx_6.12.0.202406281431\\db\/plugins/boardmanager/
2024-08-15 09:08:50,283 [INFO] ApiDb:261 - Set plugin images path to: F:\Programs\STM32CubeIDE_1.16.0\STM32CubeIDE\plugins\com.st.stm32cube.common.mx_6.12.0.202406281431\\db\/plugins/mcufinder/images/
2024-08-15 09:08:50,284 [WARN] DbFile:41 - Overriding database path with different value: C:\Users\User\.stmcufinder\plugins\mcufinder/ => C:\Users\User\.stmcufinder\plugins\mcufinder
2024-08-15 09:08:50,284 [INFO] ApiDb:250 - Set database path to: C:\Users\User\.stmcufinder\plugins\mcufinder//mcu/
2024-08-15 09:08:50,284 [WARN] DbFile:41 - Overriding database path with different value: C:\Users\User\.stmcufinder\plugins\mcufinder/ => C:\Users\User\.stmcufinder\plugins\mcufinder
2024-08-15 09:08:50,284 [INFO] DbMcusAds:125 - Set database path to: C:\Users\User\.stmcufinder\plugins\mcufinder//mcu/
2024-08-15 09:08:50,284 [WARN] DbFile:41 - Overriding database path with different value: C:\Users\User\.stmcufinder\plugins\mcufinder/ => C:\Users\User\.stmcufinder\plugins\mcufinder
2024-08-15 09:08:50,284 [WARN] DbFile:41 - Overriding database path with different value: C:\Users\User\.stmcufinder\plugins\mcufinder/ => C:\Users\User\.stmcufinder\plugins\mcufinder
2024-08-15 09:08:50,285 [INFO] CrossReferenceDbSqlite:203 - Set database path to: C:\Users\User\.stmcufinder\plugins\mcufinder//mcu/cs/
2024-08-15 09:08:50,331 [INFO] ApplicationProperties:184 - Using Application install path: F:\Programs\STM32CubeIDE_1.16.0\STM32CubeIDE\plugins\com.st.stm32cube.common.mx_6.12.0.202406281431
2024-08-15 09:08:50,333 [INFO] PluginManage:196 - Search for loadable plugins [exclusion list=, ]
2024-08-15 09:08:50,338 [INFO] PluginManage:310 - Check plugin analytics
2024-08-15 09:08:50,672 [INFO] AnalyticsPlugin:253 - Accepted Software Licenses: 
2024-08-15 09:08:50,672 [INFO] AnalyticsPlugin:255 - Accepted CMSIS Pack Licenses: 
2024-08-15 09:08:50,673 [INFO] AnalyticsPlugin:257 - Accepted Firmware Licenses: 
2024-08-15 09:08:50,678 [INFO] PluginManage:359 - Loaded plugin analytics (category:tool,tabindex:-1)
2024-08-15 09:08:50,678 [INFO] PluginManage:310 - Check plugin cadmodel
2024-08-15 09:08:50,723 [INFO] CADModel:105 - Init CAD model plugin
2024-08-15 09:08:50,723 [INFO] PluginManage:359 - Loaded plugin cadmodel (category:power,tabindex:5)
2024-08-15 09:08:50,723 [INFO] PluginManage:310 - Check plugin clock
2024-08-15 09:08:50,759 [INFO] PluginManage:359 - Loaded plugin clock (category:base,tabindex:2)
2024-08-15 09:08:50,760 [INFO] PluginManage:310 - Check plugin ddr
2024-08-15 09:08:50,787 [INFO] PluginManage:359 - Loaded plugin ddr (category:tool,tabindex:6)
2024-08-15 09:08:50,788 [INFO] PluginManage:310 - Check plugin filemanager
2024-08-15 09:08:51,158 [INFO] PluginManage:359 - Loaded plugin filemanager (category:base,tabindex:10)
2024-08-15 09:08:51,158 [INFO] PluginManage:310 - Check plugin ipmanager
2024-08-15 09:08:51,188 [INFO] PluginManage:359 - Loaded plugin ipmanager (category:base,tabindex:5)
2024-08-15 09:08:51,188 [INFO] PluginManage:310 - Check plugin lpbam
2024-08-15 09:08:51,219 [INFO] PluginManage:359 - Loaded plugin lpbam (category:base,tabindex:0)
2024-08-15 09:08:51,220 [INFO] PluginManage:310 - Check plugin memorymap
2024-08-15 09:08:51,256 [INFO] PluginManage:359 - Loaded plugin memorymap (category:base,tabindex:4)
2024-08-15 09:08:51,256 [INFO] PluginManage:310 - Check plugin pinoutandconfiguration
2024-08-15 09:08:51,276 [INFO] PluginManage:359 - Loaded plugin pinoutandconfiguration (category:base,tabindex:1)
2024-08-15 09:08:51,276 [INFO] PluginManage:310 - Check plugin pinoutconfig
2024-08-15 09:08:51,459 [WARN] SupportedApi:132 - Cannot load RTOS API schema: s4s-elt-must-match.1: The content of 'definitions' must match (annotation?, (simpleType | complexType)?, (unique | key | keyref)*)). A problem was found starting at: attribute.
2024-08-15 09:08:51,690 [INFO] PluginManage:359 - Loaded plugin pinoutconfig (category:base,tabindex:0)
2024-08-15 09:08:51,690 [INFO] PluginManage:310 - Check plugin power
2024-08-15 09:08:51,736 [INFO] PluginManage:359 - Loaded plugin power (category:power,tabindex:4)
2024-08-15 09:08:51,736 [INFO] PluginManage:310 - Check plugin projectmanager
2024-08-15 09:08:51,769 [INFO] PluginManage:359 - Loaded plugin projectmanager (category:projectmanager,tabindex:4)
2024-08-15 09:08:51,769 [INFO] PluginManage:310 - Check plugin rif
2024-08-15 09:08:51,792 [INFO] PluginManage:359 - Loaded plugin rif (category:base,tabindex:3)
2024-08-15 09:08:51,793 [INFO] PluginManage:310 - Check plugin thirdparty
2024-08-15 09:08:52,127 [INFO] PluginManage:359 - Loaded plugin thirdparty (category:base,tabindex:-1)
2024-08-15 09:08:52,128 [INFO] PluginManage:310 - Check plugin tools
2024-08-15 09:08:52,127 [WARN] IntegrityCheckThread:84 - waiting for thirdparty lock release [integrity check]
2024-08-15 09:08:52,128 [INFO] IntegrityCheckThread:86 - entering critical section [integrity check]
2024-08-15 09:08:52,129 [INFO] ThirdPartyUpdaterWithRetryManager:70 - Updater plugin not ready yet. [1/15]
2024-08-15 09:08:52,141 [INFO] PluginManage:359 - Loaded plugin tools (category:base,tabindex:7)
2024-08-15 09:08:52,141 [INFO] PluginManage:310 - Check plugin tutovideos
2024-08-15 09:08:52,467 [INFO] PluginManage:359 - Loaded plugin tutovideos (category:base,tabindex:-1)
2024-08-15 09:08:52,467 [INFO] PluginManage:310 - Check plugin updater
2024-08-15 09:08:52,504 [INFO] PluginManage:359 - Loaded plugin updater (category:base,tabindex:12)
2024-08-15 09:08:52,504 [INFO] PluginManage:310 - Check plugin userauth
2024-08-15 09:08:52,532 [INFO] UserAuth:113 - Init User Auth plugin
2024-08-15 09:08:52,532 [INFO] PluginManage:359 - Loaded plugin userauth (category:base,tabindex:14)
2024-08-15 09:08:52,533 [INFO] PluginManage:283 - PluginManage : Loaded plugins [18]
2024-08-15 09:08:53,258 [INFO] PinOutPanel:1561 - setPackage(No Configuration,No Configuration)
2024-08-15 09:08:53,474 [INFO] CADModel:165 - CPN selected for project level
2024-08-15 09:08:53,474 [INFO] CADModel:114 - Register for checkConnection events
2024-08-15 09:08:53,607 [INFO] IPUIPlugin:80 - create IPUIPlugin
2024-08-15 09:08:53,607 [INFO] PluginManager:220 - loadIPPluginJar : add adc
2024-08-15 09:08:53,616 [INFO] IPUIPlugin:80 - create IPUIPlugin
2024-08-15 09:08:53,616 [INFO] PluginManager:220 - loadIPPluginJar : add aes
2024-08-15 09:08:53,625 [INFO] IPUIPlugin:80 - create IPUIPlugin
2024-08-15 09:08:53,626 [INFO] PluginManager:220 - loadIPPluginJar : add can
2024-08-15 09:08:53,632 [INFO] IPUIPlugin:80 - create IPUIPlugin
2024-08-15 09:08:53,633 [INFO] PluginManager:220 - loadIPPluginJar : add comp
2024-08-15 09:08:53,637 [INFO] IPUIPlugin:80 - create IPUIPlugin
2024-08-15 09:08:53,638 [INFO] PluginManager:220 - loadIPPluginJar : add cryp
2024-08-15 09:08:53,707 [INFO] IPUIPlugin:80 - create IPUIPlugin
2024-08-15 09:08:53,707 [INFO] PluginManager:220 - loadIPPluginJar : add ddr_ctrl_phy
2024-08-15 09:08:53,711 [INFO] IPUIPlugin:80 - create IPUIPlugin
2024-08-15 09:08:53,711 [INFO] PluginManager:220 - loadIPPluginJar : add dfsdm
2024-08-15 09:08:53,724 [INFO] IPUIPlugin:80 - create IPUIPlugin
2024-08-15 09:08:53,725 [INFO] PluginManager:220 - loadIPPluginJar : add dma
2024-08-15 09:08:53,729 [INFO] IPUIPlugin:80 - create IPUIPlugin
2024-08-15 09:08:53,730 [INFO] PluginManager:220 - loadIPPluginJar : add dma3
2024-08-15 09:08:53,735 [INFO] IPUIPlugin:80 - create IPUIPlugin
2024-08-15 09:08:53,735 [INFO] PluginManager:220 - loadIPPluginJar : add extmemmanager
2024-08-15 09:08:53,748 [INFO] IPUIPlugin:80 - create IPUIPlugin
2024-08-15 09:08:53,748 [INFO] PluginManager:220 - loadIPPluginJar : add fatfs
2024-08-15 09:08:53,756 [INFO] IPUIPlugin:80 - create IPUIPlugin
2024-08-15 09:08:53,756 [INFO] PluginManager:220 - loadIPPluginJar : add fmc
2024-08-15 09:08:53,781 [INFO] IPUIPlugin:80 - create IPUIPlugin
2024-08-15 09:08:53,781 [INFO] PluginManager:220 - loadIPPluginJar : add freertos
2024-08-15 09:08:53,815 [INFO] IPUIPlugin:80 - create IPUIPlugin
2024-08-15 09:08:53,815 [INFO] PluginManager:220 - loadIPPluginJar : add genericplugin
2024-08-15 09:08:53,820 [INFO] IPUIPlugin:80 - create IPUIPlugin
2024-08-15 09:08:53,820 [INFO] PluginManager:220 - loadIPPluginJar : add gfxmmu
2024-08-15 09:08:53,839 [INFO] IPUIPlugin:80 - create IPUIPlugin
2024-08-15 09:08:53,839 [INFO] PluginManager:220 - loadIPPluginJar : add gic
2024-08-15 09:08:53,855 [INFO] IPUIPlugin:80 - create IPUIPlugin
2024-08-15 09:08:53,855 [INFO] PluginManager:220 - loadIPPluginJar : add gpio
2024-08-15 09:08:53,860 [INFO] IPUIPlugin:80 - create IPUIPlugin
2024-08-15 09:08:53,861 [INFO] PluginManager:220 - loadIPPluginJar : add gtzc
2024-08-15 09:08:53,865 [INFO] IPUIPlugin:80 - create IPUIPlugin
2024-08-15 09:08:53,865 [INFO] PluginManager:220 - loadIPPluginJar : add hash
2024-08-15 09:08:53,871 [INFO] IPUIPlugin:80 - create IPUIPlugin
2024-08-15 09:08:53,871 [INFO] PluginManager:220 - loadIPPluginJar : add i2c
2024-08-15 09:08:53,876 [INFO] IPUIPlugin:80 - create IPUIPlugin
2024-08-15 09:08:53,876 [INFO] PluginManager:220 - loadIPPluginJar : add i2s
2024-08-15 09:08:53,883 [INFO] IPUIPlugin:80 - create IPUIPlugin
2024-08-15 09:08:53,884 [INFO] PluginManager:220 - loadIPPluginJar : add i3c
2024-08-15 09:08:53,890 [INFO] IPUIPlugin:80 - create IPUIPlugin
2024-08-15 09:08:53,890 [INFO] PluginManager:220 - loadIPPluginJar : add ipddr
2024-08-15 09:08:53,923 [INFO] IPUIPlugin:80 - create IPUIPlugin
2024-08-15 09:08:53,923 [INFO] PluginManager:220 - loadIPPluginJar : add linkedlist
2024-08-15 09:08:53,931 [INFO] IPUIPlugin:80 - create IPUIPlugin
2024-08-15 09:08:53,932 [INFO] PluginManager:220 - loadIPPluginJar : add lorawan
2024-08-15 09:08:53,938 [INFO] IPUIPlugin:80 - create IPUIPlugin
2024-08-15 09:08:53,938 [INFO] PluginManager:220 - loadIPPluginJar : add ltdc
2024-08-15 09:08:53,948 [INFO] IPUIPlugin:80 - create IPUIPlugin
2024-08-15 09:08:53,948 [INFO] PluginManager:220 - loadIPPluginJar : add mdma
2024-08-15 09:08:53,954 [INFO] IPUIPlugin:80 - create IPUIPlugin
2024-08-15 09:08:53,954 [INFO] PluginManager:220 - loadIPPluginJar : add nvic
2024-08-15 09:08:53,960 [INFO] IPUIPlugin:80 - create IPUIPlugin
2024-08-15 09:08:53,961 [INFO] PluginManager:220 - loadIPPluginJar : add opamp
2024-08-15 09:08:53,965 [INFO] IPUIPlugin:80 - create IPUIPlugin
2024-08-15 09:08:53,965 [INFO] PluginManager:220 - loadIPPluginJar : add openamp
2024-08-15 09:08:53,970 [INFO] IPUIPlugin:80 - create IPUIPlugin
2024-08-15 09:08:53,970 [INFO] PluginManager:220 - loadIPPluginJar : add pdm2pcm
2024-08-15 09:08:53,978 [INFO] IPUIPlugin:80 - create IPUIPlugin
2024-08-15 09:08:53,981 [INFO] PluginManager:220 - loadIPPluginJar : add plateformsettings
2024-08-15 09:08:53,989 [INFO] IPUIPlugin:80 - create IPUIPlugin
2024-08-15 09:08:53,989 [INFO] PluginManager:220 - loadIPPluginJar : add quadspi
2024-08-15 09:08:53,992 [INFO] IPUIPlugin:80 - create IPUIPlugin
2024-08-15 09:08:53,993 [INFO] PluginManager:220 - loadIPPluginJar : add radio
2024-08-15 09:08:54,003 [INFO] IPUIPlugin:80 - create IPUIPlugin
2024-08-15 09:08:54,003 [INFO] PluginManager:220 - loadIPPluginJar : add resmgrutility
2024-08-15 09:08:54,010 [INFO] IPUIPlugin:80 - create IPUIPlugin
2024-08-15 09:08:54,010 [INFO] PluginManager:220 - loadIPPluginJar : add sai
2024-08-15 09:08:54,019 [INFO] IPUIPlugin:80 - create IPUIPlugin
2024-08-15 09:08:54,019 [INFO] PluginManager:220 - loadIPPluginJar : add spi
2024-08-15 09:08:54,033 [INFO] IPUIPlugin:80 - create IPUIPlugin
2024-08-15 09:08:54,033 [INFO] PluginManager:220 - loadIPPluginJar : add stm32_wpan
2024-08-15 09:08:54,037 [INFO] IPUIPlugin:80 - create IPUIPlugin
2024-08-15 09:08:54,037 [INFO] PluginManager:220 - loadIPPluginJar : add tim
2024-08-15 09:08:54,044 [INFO] IPUIPlugin:80 - create IPUIPlugin
2024-08-15 09:08:54,044 [INFO] PluginManager:220 - loadIPPluginJar : add touchsensing
2024-08-15 09:08:54,049 [INFO] IPUIPlugin:80 - create IPUIPlugin
2024-08-15 09:08:54,049 [INFO] PluginManager:220 - loadIPPluginJar : add tracer_emb
2024-08-15 09:08:54,078 [INFO] IPUIPlugin:80 - create IPUIPlugin
2024-08-15 09:08:54,078 [INFO] PluginManager:220 - loadIPPluginJar : add ts
2024-08-15 09:08:54,083 [INFO] IPUIPlugin:80 - create IPUIPlugin
2024-08-15 09:08:54,083 [INFO] PluginManager:220 - loadIPPluginJar : add tsc
2024-08-15 09:08:54,086 [INFO] IPUIPlugin:80 - create IPUIPlugin
2024-08-15 09:08:54,086 [INFO] PluginManager:220 - loadIPPluginJar : add ucpd
2024-08-15 09:08:54,093 [INFO] IPUIPlugin:80 - create IPUIPlugin
2024-08-15 09:08:54,093 [INFO] PluginManager:220 - loadIPPluginJar : add usart
2024-08-15 09:08:54,097 [INFO] IPUIPlugin:80 - create IPUIPlugin
2024-08-15 09:08:54,098 [INFO] PluginManager:220 - loadIPPluginJar : add usbx
2024-08-15 09:08:54,305 [INFO] CADModel:165 - CPN selected for project level
2024-08-15 09:08:54,305 [INFO] CADModel:114 - Register for checkConnection events
2024-08-15 09:08:54,306 [FATAL] Updater:334 - Updater called before beeing initialized
2024-08-15 09:08:54,306 [ERROR] CADModel:125 - Updater not yet initialized, retry later 
2024-08-15 09:08:54,664 [INFO] CADModel:165 - CPN selected for project level
2024-08-15 09:08:54,664 [INFO] CADModel:114 - Register for checkConnection events
2024-08-15 09:08:54,664 [FATAL] Updater:334 - Updater called before beeing initialized
2024-08-15 09:08:54,664 [ERROR] CADModel:125 - Updater not yet initialized, retry later 
2024-08-15 09:08:54,682 [FATAL] Updater:334 - Updater called before beeing initialized
2024-08-15 09:08:54,898 [FATAL] Updater:334 - Updater called before beeing initialized
2024-08-15 09:08:54,906 [INFO] DbMcusAds:53 - JSON generation date=Thu May 16 12:22:00 MSK 2024 (1715851320667)
2024-08-15 09:08:54,907 [FATAL] Updater:334 - Updater called before beeing initialized
2024-08-15 09:08:55,028 [WARN] DetailPanel:346 - Failed to get advertising image, set to default
2024-08-15 09:08:55,130 [INFO] ThirdPartyUpdaterWithRetryManager:70 - Updater plugin not ready yet. [2/15]
2024-08-15 09:08:55,148 [FATAL] Updater:334 - Updater called before beeing initialized
2024-08-15 09:08:55,161 [FATAL] Updater:334 - Updater called before beeing initialized
2024-08-15 09:08:55,161 [FATAL] Updater:334 - Updater called before beeing initialized
2024-08-15 09:08:55,161 [WARN] DetailPanel:346 - Failed to get advertising image, set to default
2024-08-15 09:08:55,163 [FATAL] Updater:334 - Updater called before beeing initialized
2024-08-15 09:08:55,303 [ERROR] Updater:1164 - MainUpdater not yet initialized. External WinMGr cannot be set.
2024-08-15 09:08:55,314 [INFO] Updater:1100 - Updater Version found : 6.12.0
2024-08-15 09:08:55,365 [INFO] ApplicationProperties:184 - Using Application install path: F:\Programs\STM32CubeIDE_1.16.0\STM32CubeIDE\plugins\com.st.stm32cube.common.mx_6.12.0.202406281431
2024-08-15 09:08:57,068 [ERROR] CheckConnectionManager:249 - Problem, Http access forbiden
2024-08-15 09:08:57,075 [INFO] MainUpdater:2873 - connection check result : 22
2024-08-15 09:08:57,076 [INFO] MainUpdater:290 - Updater Check For Update Now.
2024-08-15 09:08:57,076 [INFO] MicroXplorer:498 - Change Database Version : DB.6.0.120
2024-08-15 09:08:57,154 [INFO] McuFinderGlobals:63 - Set McuFinder mode to 2 (CubeIDE integrated)
2024-08-15 09:08:57,188 [INFO] UserAuth:417 - Internet connection configuration mode: 2
2024-08-15 09:08:57,221 [INFO] UserAuth:417 - Internet connection configuration mode: 2
2024-08-15 09:08:57,424 [INFO] CheckServerUpdateThread:120 - End of CheckServer Thread
2024-08-15 09:08:58,281 [ERROR] LogOutputStream:75 - [STDERR_REDIRECT] Aug 15, 2024 9:08:58 AM org.glassfish.grizzly.http.server.NetworkListener start
2024-08-15 09:08:58,283 [ERROR] LogOutputStream:75 - [STDERR_REDIRECT] INFO: Started listener bound to [localhost:1593]
2024-08-15 09:08:58,284 [ERROR] LogOutputStream:75 - [STDERR_REDIRECT] 
2024-08-15 09:08:58,287 [ERROR] LogOutputStream:75 - [STDERR_REDIRECT] Aug 15, 2024 9:08:58 AM org.glassfish.grizzly.http.server.HttpServer start
2024-08-15 09:08:58,289 [ERROR] LogOutputStream:75 - [STDERR_REDIRECT] INFO: [HttpServer] Started.
2024-08-15 09:08:58,289 [ERROR] LogOutputStream:75 - [STDERR_REDIRECT] 
2024-08-15 09:08:58,593 [WARN] PackLoader:240 - Cannot read IP mode file for STMicroelectronics.FP-SNS-MOTENVWB1.1.4.0
2024-08-15 09:08:58,612 [WARN] PackLoader:240 - Cannot read IP mode file for STMicroelectronics.X-CUBE-SMBUS.2.1.0
2024-08-15 09:08:58,707 [WARN] PackLoader:240 - Cannot read IP mode file for STMicroelectronics.X-CUBE-AZRTOS-F7.1.1.0
2024-08-15 09:08:58,782 [WARN] PackLoader:240 - Cannot read IP mode file for STMicroelectronics.FP-SNS-FLIGHT1.5.0.2
2024-08-15 09:08:58,822 [WARN] PackLoader:240 - Cannot read IP mode file for STMicroelectronics.X-CUBE-DISPLAY.3.0.0
2024-08-15 09:08:59,141 [WARN] PackLoader:240 - Cannot read IP mode file for STMicroelectronics.X-CUBE-BLE1.7.0.0
2024-08-15 09:08:59,314 [WARN] PackLoader:240 - Cannot read IP mode file for emotas.I-CUBE-CANOPEN.1.3.0
2024-08-15 09:08:59,581 [WARN] PackLoader:240 - Cannot read IP mode file for STMicroelectronics.X-CUBE-BLEMGR.3.1.0
2024-08-15 09:08:59,837 [WARN] PackLoader:240 - Cannot read IP mode file for STMicroelectronics.FP-SNS-SMARTAG2.1.2.0
2024-08-15 09:08:59,868 [INFO] LogOutputStream:77 - [STDOUT_REDIRECT] 1 : Invalid condition id : UX_CORESTACK_Condition cause : null
2024-08-15 09:08:59,868 [INFO] LogOutputStream:77 - [STDOUT_REDIRECT] 1 : Invalid condition id : UX_CORESTACK_Condition cause : null
2024-08-15 09:08:59,871 [INFO] LogOutputStream:77 - [STDOUT_REDIRECT] 1 : Invalid condition id : UX_CORESTACK_Condition cause : null
2024-08-15 09:08:59,873 [INFO] LogOutputStream:77 - [STDOUT_REDIRECT] 1 : Invalid condition id : UX_CORESTACK_Condition cause : null
2024-08-15 09:08:59,875 [INFO] LogOutputStream:77 - [STDOUT_REDIRECT] 1 : Invalid condition id : UX_CORESTACK_Condition cause : null
2024-08-15 09:08:59,880 [WARN] PackLoader:240 - Cannot read IP mode file for STMicroelectronics.X-CUBE-AZRTOS-WL.2.0.0
2024-08-15 09:08:59,888 [WARN] PackLoader:240 - Cannot read IP mode file for STMicroelectronics.FP-SNS-MOTENV1.5.0.0
2024-08-15 09:08:59,896 [WARN] PackLoader:240 - Cannot read IP mode file for wolfSSL.I-CUBE-wolfMQTT.1.19.0
2024-08-15 09:08:59,906 [WARN] PackLoader:240 - Cannot read IP mode file for WES.I-CUBE-Cesium.1.3.0
2024-08-15 09:08:59,914 [WARN] PackLoader:240 - Cannot read IP mode file for STMicroelectronics.X-CUBE-BLE2.3.3.0
2024-08-15 09:08:59,925 [WARN] PackLoader:240 - Cannot read IP mode file for STMicroelectronics.X-CUBE-TCPP.4.1.0
2024-08-15 09:08:59,959 [WARN] PackLoader:240 - Cannot read IP mode file for STMicroelectronics.X-CUBE-AZRTOS-G0.1.1.0
2024-08-15 09:08:59,977 [WARN] PackLoader:240 - Cannot read IP mode file for STMicroelectronics.X-CUBE-SAFEA1.1.2.2
2024-08-15 09:08:59,991 [WARN] PackLoader:240 - Cannot read IP mode file for STMicroelectronics.X-CUBE-NFC4.3.0.0
2024-08-15 09:09:00,009 [WARN] PackLoader:240 - Cannot read IP mode file for EmbeddedOffice.I-CUBE-FS-RTOS.1.0.1
2024-08-15 09:09:00,009 [ERROR] ConditionMgr:805 - Attr not supported : Dmpu
2024-08-15 09:09:00,010 [ERROR] ConditionMgr:805 - Attr not supported : Dmpu
2024-08-15 09:09:00,010 [ERROR] ConditionMgr:805 - Attr not supported : Dmpu
2024-08-15 09:09:00,010 [ERROR] ConditionMgr:805 - Attr not supported : Dmpu
2024-08-15 09:09:00,010 [ERROR] ConditionMgr:805 - Attr not supported : Dmpu
2024-08-15 09:09:00,010 [ERROR] ConditionMgr:805 - Attr not supported : Dmpu
2024-08-15 09:09:00,010 [ERROR] ConditionMgr:805 - Attr not supported : Dmpu
2024-08-15 09:09:00,010 [ERROR] ConditionMgr:805 - Attr not supported : Dmpu
2024-08-15 09:09:00,010 [ERROR] ConditionMgr:805 - Attr not supported : Dmpu
2024-08-15 09:09:00,010 [ERROR] ConditionMgr:805 - Attr not supported : Dmpu
2024-08-15 09:09:00,010 [ERROR] ConditionMgr:805 - Attr not supported : Dmpu
2024-08-15 09:09:00,011 [ERROR] ConditionMgr:805 - Attr not supported : Dmpu
2024-08-15 09:09:00,011 [ERROR] ConditionMgr:805 - Attr not supported : Dmpu
2024-08-15 09:09:00,011 [ERROR] ConditionMgr:805 - Attr not supported : Dmpu
2024-08-15 09:09:00,011 [ERROR] ConditionMgr:805 - Attr not supported : Dmpu
2024-08-15 09:09:00,011 [ERROR] ConditionMgr:805 - Attr not supported : Dmpu
2024-08-15 09:09:00,011 [ERROR] ConditionMgr:805 - Attr not supported : Dmpu
2024-08-15 09:09:00,011 [ERROR] ConditionMgr:805 - Attr not supported : Dmpu
2024-08-15 09:09:00,011 [ERROR] ConditionMgr:805 - Attr not supported : Dmpu
2024-08-15 09:09:00,011 [ERROR] ConditionMgr:805 - Attr not supported : Dmpu
2024-08-15 09:09:00,011 [ERROR] ConditionMgr:805 - Attr not supported : Dmpu
2024-08-15 09:09:00,011 [ERROR] ConditionMgr:805 - Attr not supported : Dmpu
2024-08-15 09:09:00,012 [ERROR] ConditionMgr:805 - Attr not supported : Dmpu
2024-08-15 09:09:00,012 [ERROR] ConditionMgr:805 - Attr not supported : Dmpu
2024-08-15 09:09:00,012 [ERROR] ConditionMgr:805 - Attr not supported : Dmpu
2024-08-15 09:09:00,012 [ERROR] ConditionMgr:805 - Attr not supported : Dmpu
2024-08-15 09:09:00,012 [ERROR] ConditionMgr:805 - Attr not supported : Dmpu
2024-08-15 09:09:00,012 [ERROR] ConditionMgr:805 - Attr not supported : Dmpu
2024-08-15 09:09:00,012 [ERROR] ConditionMgr:805 - Attr not supported : Dmpu
2024-08-15 09:09:00,012 [ERROR] ConditionMgr:805 - Attr not supported : Dmpu
2024-08-15 09:09:00,012 [ERROR] ConditionMgr:805 - Attr not supported : Dmpu
2024-08-15 09:09:00,012 [ERROR] ConditionMgr:805 - Attr not supported : Dmpu
2024-08-15 09:09:00,012 [ERROR] ConditionMgr:805 - Attr not supported : Dmpu
2024-08-15 09:09:00,013 [ERROR] ConditionMgr:805 - Attr not supported : Dmpu
2024-08-15 09:09:00,013 [ERROR] ConditionMgr:805 - Attr not supported : Dmpu
2024-08-15 09:09:00,013 [ERROR] ConditionMgr:805 - Attr not supported : Dmpu
2024-08-15 09:09:00,013 [ERROR] ConditionMgr:805 - Attr not supported : Dmpu
2024-08-15 09:09:00,013 [ERROR] ConditionMgr:805 - Attr not supported : Dmpu
2024-08-15 09:09:00,013 [ERROR] ConditionMgr:805 - Attr not supported : Dmpu
2024-08-15 09:09:00,013 [ERROR] ConditionMgr:805 - Attr not supported : Dmpu
2024-08-15 09:09:00,013 [ERROR] ConditionMgr:805 - Attr not supported : Dmpu
2024-08-15 09:09:00,013 [ERROR] ConditionMgr:805 - Attr not supported : Dmpu
2024-08-15 09:09:00,014 [ERROR] ConditionMgr:805 - Attr not supported : Dmpu
2024-08-15 09:09:00,014 [ERROR] ConditionMgr:805 - Attr not supported : Dmpu
2024-08-15 09:09:00,014 [ERROR] ConditionMgr:805 - Attr not supported : Dmpu
2024-08-15 09:09:00,014 [ERROR] ConditionMgr:805 - Attr not supported : Dmpu
2024-08-15 09:09:00,014 [ERROR] ConditionMgr:805 - Attr not supported : Dmpu
2024-08-15 09:09:00,014 [ERROR] ConditionMgr:805 - Attr not supported : Dmpu
2024-08-15 09:09:00,014 [ERROR] ConditionMgr:805 - Attr not supported : Dmpu
2024-08-15 09:09:00,014 [ERROR] ConditionMgr:805 - Attr not supported : Dmpu
2024-08-15 09:09:00,015 [ERROR] ConditionMgr:805 - Attr not supported : Dmpu
2024-08-15 09:09:00,015 [ERROR] ConditionMgr:805 - Attr not supported : Dmpu
2024-08-15 09:09:00,015 [ERROR] ConditionMgr:805 - Attr not supported : Dmpu
2024-08-15 09:09:00,015 [ERROR] ConditionMgr:805 - Attr not supported : Dmpu
2024-08-15 09:09:00,015 [ERROR] ConditionMgr:805 - Attr not supported : Dmpu
2024-08-15 09:09:00,015 [ERROR] ConditionMgr:805 - Attr not supported : Dmpu
2024-08-15 09:09:00,015 [ERROR] ConditionMgr:805 - Attr not supported : Dmpu
2024-08-15 09:09:00,015 [ERROR] ConditionMgr:805 - Attr not supported : Dmpu
2024-08-15 09:09:00,015 [ERROR] ConditionMgr:805 - Attr not supported : Dmpu
2024-08-15 09:09:00,016 [ERROR] ConditionMgr:805 - Attr not supported : Dmpu
2024-08-15 09:09:00,016 [ERROR] ConditionMgr:805 - Attr not supported : Dmpu
2024-08-15 09:09:00,016 [ERROR] ConditionMgr:805 - Attr not supported : Dmpu
2024-08-15 09:09:00,016 [ERROR] ConditionMgr:805 - Attr not supported : Dmpu
2024-08-15 09:09:00,016 [ERROR] ConditionMgr:805 - Attr not supported : Dmpu
2024-08-15 09:09:00,046 [WARN] PackLoader:240 - Cannot read IP mode file for RealThread.X-CUBE-RT-Thread_Nano.4.1.1
2024-08-15 09:09:00,052 [WARN] PackLoader:240 - Cannot read IP mode file for wolfSSL.I-CUBE-wolfSSL.5.7.0
2024-08-15 09:09:00,068 [WARN] PackLoader:240 - Cannot read IP mode file for STMicroelectronics.FP-ATR-SIGFOX1.3.2.0
2024-08-15 09:09:00,087 [WARN] PackLoader:240 - Cannot read IP mode file for STMicroelectronics.X-CUBE-EEPRMA1.5.1.0
2024-08-15 09:09:00,103 [WARN] PackLoader:240 - Cannot read IP mode file for ITTIA_DB.I-CUBE-ITTIADB.8.9.0
2024-08-15 09:09:00,161 [WARN] PackLoader:240 - Cannot read IP mode file for SEGGER.I-CUBE-embOS.1.3.1
2024-08-15 09:09:00,240 [WARN] PackLoader:240 - Cannot read IP mode file for STMicroelectronics.X-CUBE-ALGOBUILD.1.4.0
2024-08-15 09:09:00,250 [WARN] PackLoader:240 - Cannot read IP mode file for STMicroelectronics.X-CUBE-GNSS1.6.0.0
2024-08-15 09:09:00,294 [WARN] PackLoader:240 - Cannot read IP mode file for STMicroelectronics.X-CUBE-AZRTOS-F4.1.1.0
2024-08-15 09:09:00,306 [WARN] PackLoader:240 - Cannot read IP mode file for STMicroelectronics.X-CUBE-FREERTOS.1.2.0
2024-08-15 09:09:00,330 [WARN] PackLoader:240 - Cannot read IP mode file for STMicroelectronics.X-CUBE-AZRTOS-L5.2.0.0
2024-08-15 09:09:00,344 [WARN] PackLoader:240 - Cannot read IP mode file for STMicroelectronics.X-CUBE-NFC6.3.1.0
2024-08-15 09:09:00,356 [WARN] PackLoader:240 - Cannot read IP mode file for STMicroelectronics.X-CUBE-DPower.1.2.0
2024-08-15 09:09:00,363 [WARN] PackLoader:240 - Cannot read IP mode file for STMicroelectronics.X-CUBE-AI.9.0.0
2024-08-15 09:09:00,371 [WARN] PackLoader:240 - Cannot read IP mode file for STMicroelectronics.X-CUBE-NFC7.1.0.1
2024-08-15 09:09:00,378 [WARN] PackLoader:240 - Cannot read IP mode file for wolfSSL.I-CUBE-wolfTPM.3.2.0
2024-08-15 09:09:00,405 [WARN] ConditionMgr:438 - getConditionDescription Invalid condition id : LAN8742 Phy interface Condition cause : null
2024-08-15 09:09:00,406 [WARN] PackLoader:240 - Cannot read IP mode file for STMicroelectronics.X-CUBE-AZRTOS-L4.2.0.0
2024-08-15 09:09:00,408 [WARN] ConditionMgr:1039 - genDependencies : Invalid condition id : LAN8742 Phy interface Condition cause : null
2024-08-15 09:09:00,408 [WARN] ConditionMgr:1039 - genDependencies : Invalid condition id : LAN8742 Phy interface Condition cause : null
2024-08-15 09:09:00,409 [WARN] ConditionMgr:1039 - genDependencies : Invalid condition id : LAN8742 Phy interface Condition cause : null
2024-08-15 09:09:00,422 [WARN] PackLoader:240 - Cannot read IP mode file for STMicroelectronics.X-CUBE-SFXS2LP1.4.0.0
2024-08-15 09:09:00,444 [WARN] ConditionMgr:438 - getConditionDescription Invalid condition id : UX DEVICE CLASS RTOS Condition cause : null
2024-08-15 09:09:00,444 [WARN] ConditionMgr:438 - getConditionDescription Invalid condition id : UX DEVICE CLASS RTOS Condition cause : null
2024-08-15 09:09:00,447 [WARN] PackLoader:240 - Cannot read IP mode file for STMicroelectronics.X-CUBE-AZRTOS-WB.2.0.0
2024-08-15 09:09:00,448 [WARN] ConditionMgr:1039 - genDependencies : Invalid condition id : UX DEVICE CLASS RTOS Condition cause : null
2024-08-15 09:09:00,448 [WARN] ConditionMgr:1039 - genDependencies : Invalid condition id : UX DEVICE CLASS RTOS Condition cause : null
2024-08-15 09:09:00,449 [WARN] ConditionMgr:1039 - genDependencies : Invalid condition id : UX DEVICE CLASS RTOS Condition cause : null
2024-08-15 09:09:00,449 [WARN] ConditionMgr:1039 - genDependencies : Invalid condition id : UX DEVICE CLASS RTOS Condition cause : null
2024-08-15 09:09:00,449 [WARN] ConditionMgr:1039 - genDependencies : Invalid condition id : UX DEVICE CLASS RTOS Condition cause : null
2024-08-15 09:09:00,461 [WARN] PackLoader:240 - Cannot read IP mode file for STMicroelectronics.FP-SNS-STBOX1.2.0.0
2024-08-15 09:09:00,480 [WARN] PackLoader:240 - Cannot read IP mode file for STMicroelectronics.X-CUBE-SUBG2.5.0.0
2024-08-15 09:09:00,495 [WARN] PackLoader:240 - Cannot read IP mode file for Cesanta.I-CUBE-Mongoose.7.13.0
2024-08-15 09:09:00,520 [WARN] PackLoader:240 - Cannot read IP mode file for STMicroelectronics.X-CUBE-AZRTOS-G4.2.0.0
2024-08-15 09:09:00,529 [WARN] PackLoader:240 - Cannot read IP mode file for STMicroelectronics.X-CUBE-ISPU.2.0.0
2024-08-15 09:09:00,536 [WARN] PackLoader:240 - Cannot read IP mode file for STMicroelectronics.X-CUBE-ALS.1.0.2
2024-08-15 09:09:00,596 [WARN] PackLoader:240 - Cannot read IP mode file for STMicroelectronics.X-CUBE-MEMS1.10.0.0
2024-08-15 09:09:00,816 [WARN] PackLoader:240 - Cannot read IP mode file for STMicroelectronics.X-CUBE-TOUCHGFX.4.24.0
2024-08-15 09:09:00,824 [WARN] PackLoader:240 - Cannot read IP mode file for portGmbH.I-Cube-SoM-uGOAL.1.1.0
2024-08-15 09:09:00,852 [WARN] PackLoader:240 - Cannot read IP mode file for STMicroelectronics.X-CUBE-AZRTOS-H7RS.1.0.0
2024-08-15 09:09:00,863 [WARN] PackLoader:240 - Cannot read IP mode file for STMicroelectronics.FP-ATR-ASTRA1.2.0.0
2024-08-15 09:09:00,879 [WARN] PackLoader:240 - Cannot read IP mode file for STMicroelectronics.X-CUBE-TOF1.3.4.2
2024-08-15 09:09:00,911 [WARN] PackLoader:240 - Cannot read IP mode file for STMicroelectronics.X-CUBE-TOF1.3.4.1
2024-08-15 09:09:00,962 [WARN] PackLoader:240 - Cannot read IP mode file for STMicroelectronics.X-CUBE-AZRTOS-H7.3.2.0
2024-08-15 09:09:00,987 [WARN] PackLoader:240 - Cannot read IP mode file for Infineon.AIROC-Wi-Fi-Bluetooth-STM32.1.6.0
2024-08-15 09:09:00,998 [WARN] PackLoader:240 - Cannot read IP mode file for wolfSSL.I-CUBE-wolfSSH.1.4.17
2024-08-15 09:09:00,999 [INFO] ThirdParty:978 - Integrity check success = true
2024-08-15 09:09:00,999 [INFO] IntegrityCheckThread:100 - exiting critical section [integrity check]
2024-08-15 09:09:00,999 [INFO] IntegrityCheckThread:103 - End integrity checks thread
