2025-07-12 23:39:28,935 [INFO] Activator:176 - 


2025-07-12 23:39:28,936 [INFO] Activator:177 - !SESSION log4j initialized
2025-07-12 23:39:30,161 [INFO] LogOutputStream:77 - [STDOUT_REDIRECT] 
2025-07-12 23:39:30,394 [ERROR] ConfigurationRetriever:142 - IOException on connection: sw-center.st.com
2025-07-12 23:39:30,395 [ERROR] ConfigurationRetriever:142 - IOException on connection: sw-center.st.com
2025-07-12 23:39:30,395 [ERROR] ConfigurationRetriever:142 - IOException on connection: sw-center.st.com
2025-07-12 23:39:31,474 [INFO] ApplicationProperties:184 - Using Application install path: C:\ST\STM32CubeIDE_1.18.1\STM32CubeIDE\plugins\com.st.stm32cube.common.mx_6.14.1.202504091515
2025-07-12 23:39:31,488 [INFO] DbMcusXml:78 - Set database path to: C:\ST\STM32CubeIDE_1.18.1\STM32CubeIDE\plugins\com.st.stm32cube.common.mx_6.14.1.202504091515\\db\/mcu/
2025-07-12 23:39:31,489 [INFO] ApiDb:274 - Set plugin database path to: C:\ST\STM32CubeIDE_1.18.1\STM32CubeIDE\plugins\com.st.stm32cube.common.mx_6.14.1.202504091515\\db\/plugins/boardmanager/
2025-07-12 23:39:31,489 [WARN] ApiDb:259 - Overriding images path with different value:  => C:\ST\STM32CubeIDE_1.18.1\STM32CubeIDE\plugins\com.st.stm32cube.common.mx_6.14.1.202504091515\\db\/plugins/mcufinder/images/
2025-07-12 23:39:31,493 [INFO] ApiDb:250 - Set database path to: C:\Users\sargs\.stmcufinder\plugins\mcufinder//mcu/
2025-07-12 23:39:31,495 [INFO] DbMcusAds:125 - Set database path to: C:\Users\sargs\.stmcufinder\plugins\mcufinder//mcu/
2025-07-12 23:39:31,497 [INFO] CrossReferenceDbSqlite:203 - Set database path to: C:\Users\sargs\.stmcufinder\plugins\mcufinder//mcu/cs/
2025-07-12 23:39:31,568 [INFO] RulesReader:64 - Compatibility file has been processed (302 Rules)
2025-07-12 23:39:31,637 [INFO] DbMcusXml:78 - Set database path to: C:\ST\STM32CubeIDE_1.18.1\STM32CubeIDE\plugins\com.st.stm32cube.common.mx_6.14.1.202504091515\\db\/mcu/
2025-07-12 23:39:31,638 [INFO] ApiDb:274 - Set plugin database path to: C:\ST\STM32CubeIDE_1.18.1\STM32CubeIDE\plugins\com.st.stm32cube.common.mx_6.14.1.202504091515\\db\/plugins/boardmanager/
2025-07-12 23:39:31,638 [INFO] ApiDb:261 - Set plugin images path to: C:\ST\STM32CubeIDE_1.18.1\STM32CubeIDE\plugins\com.st.stm32cube.common.mx_6.14.1.202504091515\\db\/plugins/mcufinder/images/
2025-07-12 23:39:31,638 [WARN] DbFile:41 - Overriding database path with different value: C:\Users\sargs\.stmcufinder\plugins\mcufinder/ => C:\Users\sargs\.stmcufinder\plugins\mcufinder
2025-07-12 23:39:31,638 [INFO] ApiDb:250 - Set database path to: C:\Users\sargs\.stmcufinder\plugins\mcufinder//mcu/
2025-07-12 23:39:31,638 [WARN] DbFile:41 - Overriding database path with different value: C:\Users\sargs\.stmcufinder\plugins\mcufinder/ => C:\Users\sargs\.stmcufinder\plugins\mcufinder
2025-07-12 23:39:31,638 [INFO] DbMcusAds:125 - Set database path to: C:\Users\sargs\.stmcufinder\plugins\mcufinder//mcu/
2025-07-12 23:39:31,638 [WARN] DbFile:41 - Overriding database path with different value: C:\Users\sargs\.stmcufinder\plugins\mcufinder/ => C:\Users\sargs\.stmcufinder\plugins\mcufinder
2025-07-12 23:39:31,638 [WARN] DbFile:41 - Overriding database path with different value: C:\Users\sargs\.stmcufinder\plugins\mcufinder/ => C:\Users\sargs\.stmcufinder\plugins\mcufinder
2025-07-12 23:39:31,638 [INFO] CrossReferenceDbSqlite:203 - Set database path to: C:\Users\sargs\.stmcufinder\plugins\mcufinder//mcu/cs/
2025-07-12 23:39:31,686 [INFO] MainPanel:272 - HeapMemory: 268435456
2025-07-12 23:39:31,741 [INFO] DbMcusXml:78 - Set database path to: C:\ST\STM32CubeIDE_1.18.1\STM32CubeIDE\plugins\com.st.stm32cube.common.mx_6.14.1.202504091515\\db\/mcu/
2025-07-12 23:39:31,741 [INFO] ApiDb:274 - Set plugin database path to: C:\ST\STM32CubeIDE_1.18.1\STM32CubeIDE\plugins\com.st.stm32cube.common.mx_6.14.1.202504091515\\db\/plugins/boardmanager/
2025-07-12 23:39:31,741 [INFO] ApiDb:261 - Set plugin images path to: C:\ST\STM32CubeIDE_1.18.1\STM32CubeIDE\plugins\com.st.stm32cube.common.mx_6.14.1.202504091515\\db\/plugins/mcufinder/images/
2025-07-12 23:39:31,742 [WARN] DbFile:41 - Overriding database path with different value: C:\Users\sargs\.stmcufinder\plugins\mcufinder/ => C:\Users\sargs\.stmcufinder\plugins\mcufinder
2025-07-12 23:39:31,742 [INFO] ApiDb:250 - Set database path to: C:\Users\sargs\.stmcufinder\plugins\mcufinder//mcu/
2025-07-12 23:39:31,742 [WARN] DbFile:41 - Overriding database path with different value: C:\Users\sargs\.stmcufinder\plugins\mcufinder/ => C:\Users\sargs\.stmcufinder\plugins\mcufinder
2025-07-12 23:39:31,742 [INFO] DbMcusAds:125 - Set database path to: C:\Users\sargs\.stmcufinder\plugins\mcufinder//mcu/
2025-07-12 23:39:31,742 [WARN] DbFile:41 - Overriding database path with different value: C:\Users\sargs\.stmcufinder\plugins\mcufinder/ => C:\Users\sargs\.stmcufinder\plugins\mcufinder
2025-07-12 23:39:31,742 [WARN] DbFile:41 - Overriding database path with different value: C:\Users\sargs\.stmcufinder\plugins\mcufinder/ => C:\Users\sargs\.stmcufinder\plugins\mcufinder
2025-07-12 23:39:31,742 [INFO] CrossReferenceDbSqlite:203 - Set database path to: C:\Users\sargs\.stmcufinder\plugins\mcufinder//mcu/cs/
2025-07-12 23:39:31,754 [INFO] ApplicationProperties:184 - Using Application install path: C:\ST\STM32CubeIDE_1.18.1\STM32CubeIDE\plugins\com.st.stm32cube.common.mx_6.14.1.202504091515
2025-07-12 23:39:31,755 [INFO] PluginManage:196 - Search for loadable plugins [exclusion list=, ]
2025-07-12 23:39:31,756 [INFO] PluginManage:310 - Check plugin analytics
2025-07-12 23:39:31,923 [INFO] AnalyticsPlugin:253 - Accepted Software Licenses: STM32CubeMX.6.14.1
2025-07-12 23:39:31,924 [INFO] AnalyticsPlugin:255 - Accepted CMSIS Pack Licenses: 
2025-07-12 23:39:31,924 [INFO] AnalyticsPlugin:257 - Accepted Firmware Licenses: FW.F4.1.28.0
2025-07-12 23:39:31,927 [ERROR] ConfigurationRetriever:142 - IOException on connection: sw-center.st.com
2025-07-12 23:39:31,928 [ERROR] ConfigurationRetriever:142 - IOException on connection: sw-center.st.com
2025-07-12 23:39:31,928 [INFO] PluginManage:359 - Loaded plugin analytics (category:tool,tabindex:-1)
2025-07-12 23:39:31,928 [ERROR] ConfigurationRetriever:142 - IOException on connection: sw-center.st.com
2025-07-12 23:39:31,928 [INFO] PluginManage:310 - Check plugin cadmodel
2025-07-12 23:39:31,934 [INFO] CADModel:105 - Init CAD model plugin
2025-07-12 23:39:31,934 [INFO] PluginManage:359 - Loaded plugin cadmodel (category:power,tabindex:5)
2025-07-12 23:39:31,935 [INFO] PluginManage:310 - Check plugin clock
2025-07-12 23:39:31,944 [INFO] PluginManage:359 - Loaded plugin clock (category:base,tabindex:2)
2025-07-12 23:39:31,945 [INFO] PluginManage:310 - Check plugin ddr
2025-07-12 23:39:31,946 [INFO] PluginManage:359 - Loaded plugin ddr (category:tool,tabindex:6)
2025-07-12 23:39:31,946 [INFO] PluginManage:310 - Check plugin filemanager
2025-07-12 23:39:32,076 [INFO] PluginManage:359 - Loaded plugin filemanager (category:base,tabindex:10)
2025-07-12 23:39:32,076 [INFO] PluginManage:310 - Check plugin ipmanager
2025-07-12 23:39:32,081 [INFO] PluginManage:359 - Loaded plugin ipmanager (category:base,tabindex:5)
2025-07-12 23:39:32,081 [INFO] PluginManage:310 - Check plugin lpbam
2025-07-12 23:39:32,088 [INFO] PluginManage:359 - Loaded plugin lpbam (category:base,tabindex:0)
2025-07-12 23:39:32,089 [INFO] PluginManage:310 - Check plugin memorymap
2025-07-12 23:39:32,100 [INFO] PluginManage:359 - Loaded plugin memorymap (category:base,tabindex:4)
2025-07-12 23:39:32,100 [INFO] PluginManage:310 - Check plugin pinoutandconfiguration
2025-07-12 23:39:32,108 [INFO] PluginManage:359 - Loaded plugin pinoutandconfiguration (category:base,tabindex:1)
2025-07-12 23:39:32,108 [INFO] PluginManage:310 - Check plugin pinoutconfig
2025-07-12 23:39:32,177 [WARN] SupportedApi:132 - Cannot load RTOS API schema: s4s-elt-must-match.1: The content of 'definitions' must match (annotation?, (simpleType | complexType)?, (unique | key | keyref)*)). A problem was found starting at: attribute.
2025-07-12 23:39:32,248 [INFO] PluginManage:359 - Loaded plugin pinoutconfig (category:base,tabindex:0)
2025-07-12 23:39:32,248 [INFO] PluginManage:310 - Check plugin power
2025-07-12 23:39:32,252 [INFO] PluginManage:359 - Loaded plugin power (category:power,tabindex:4)
2025-07-12 23:39:32,253 [INFO] PluginManage:310 - Check plugin projectmanager
2025-07-12 23:39:32,263 [INFO] PluginManage:359 - Loaded plugin projectmanager (category:projectmanager,tabindex:4)
2025-07-12 23:39:32,263 [INFO] PluginManage:310 - Check plugin rif
2025-07-12 23:39:32,267 [INFO] PluginManage:359 - Loaded plugin rif (category:base,tabindex:3)
2025-07-12 23:39:32,267 [INFO] PluginManage:310 - Check plugin thirdparty
2025-07-12 23:39:32,356 [INFO] PluginManage:359 - Loaded plugin thirdparty (category:base,tabindex:-1)
2025-07-12 23:39:32,357 [INFO] PluginManage:310 - Check plugin tools
2025-07-12 23:39:32,356 [WARN] IntegrityCheckThread:84 - waiting for thirdparty lock release [integrity check]
2025-07-12 23:39:32,357 [INFO] IntegrityCheckThread:86 - entering critical section [integrity check]
2025-07-12 23:39:32,357 [INFO] ThirdPartyUpdaterWithRetryManager:70 - Updater plugin not ready yet. [1/15]
2025-07-12 23:39:32,358 [INFO] PluginManage:359 - Loaded plugin tools (category:base,tabindex:7)
2025-07-12 23:39:32,358 [INFO] PluginManage:310 - Check plugin tutovideos
2025-07-12 23:39:32,449 [INFO] PluginManage:359 - Loaded plugin tutovideos (category:base,tabindex:-1)
2025-07-12 23:39:32,449 [INFO] PluginManage:310 - Check plugin updater
2025-07-12 23:39:32,463 [INFO] PluginManage:359 - Loaded plugin updater (category:base,tabindex:12)
2025-07-12 23:39:32,463 [INFO] PluginManage:310 - Check plugin userauth
2025-07-12 23:39:32,465 [INFO] UserAuth:118 - Init User Auth plugin
2025-07-12 23:39:32,467 [INFO] PluginManage:359 - Loaded plugin userauth (category:base,tabindex:14)
2025-07-12 23:39:32,468 [INFO] PluginManage:283 - PluginManage : Loaded plugins [18]
2025-07-12 23:39:32,604 [INFO] PinOutPanel:1589 - setPackage(No Configuration,No Configuration)
2025-07-12 23:39:32,650 [INFO] CADModel:165 - CPN selected for project level
2025-07-12 23:39:32,650 [INFO] CADModel:114 - Register for checkConnection events
2025-07-12 23:39:32,660 [INFO] IPUIPlugin:80 - create IPUIPlugin
2025-07-12 23:39:32,660 [INFO] PluginManager:220 - loadIPPluginJar : add adc
2025-07-12 23:39:32,661 [INFO] IPUIPlugin:80 - create IPUIPlugin
2025-07-12 23:39:32,661 [INFO] PluginManager:220 - loadIPPluginJar : add aes
2025-07-12 23:39:32,663 [INFO] IPUIPlugin:80 - create IPUIPlugin
2025-07-12 23:39:32,663 [INFO] PluginManager:220 - loadIPPluginJar : add can
2025-07-12 23:39:32,665 [INFO] IPUIPlugin:80 - create IPUIPlugin
2025-07-12 23:39:32,665 [INFO] PluginManager:220 - loadIPPluginJar : add comp
2025-07-12 23:39:32,666 [INFO] IPUIPlugin:80 - create IPUIPlugin
2025-07-12 23:39:32,666 [INFO] PluginManager:220 - loadIPPluginJar : add cryp
2025-07-12 23:39:32,668 [INFO] IPUIPlugin:80 - create IPUIPlugin
2025-07-12 23:39:32,668 [INFO] PluginManager:220 - loadIPPluginJar : add ddr_ctrl_phy
2025-07-12 23:39:32,669 [INFO] IPUIPlugin:80 - create IPUIPlugin
2025-07-12 23:39:32,669 [INFO] PluginManager:220 - loadIPPluginJar : add dfsdm
2025-07-12 23:39:32,673 [INFO] IPUIPlugin:80 - create IPUIPlugin
2025-07-12 23:39:32,673 [INFO] PluginManager:220 - loadIPPluginJar : add dma
2025-07-12 23:39:32,674 [INFO] IPUIPlugin:80 - create IPUIPlugin
2025-07-12 23:39:32,674 [INFO] PluginManager:220 - loadIPPluginJar : add dma3
2025-07-12 23:39:32,676 [INFO] IPUIPlugin:80 - create IPUIPlugin
2025-07-12 23:39:32,676 [INFO] PluginManager:220 - loadIPPluginJar : add extmemmanager
2025-07-12 23:39:32,677 [INFO] IPUIPlugin:80 - create IPUIPlugin
2025-07-12 23:39:32,677 [INFO] PluginManager:220 - loadIPPluginJar : add fatfs
2025-07-12 23:39:32,679 [INFO] IPUIPlugin:80 - create IPUIPlugin
2025-07-12 23:39:32,679 [INFO] PluginManager:220 - loadIPPluginJar : add fmc
2025-07-12 23:39:32,683 [INFO] IPUIPlugin:80 - create IPUIPlugin
2025-07-12 23:39:32,683 [INFO] PluginManager:220 - loadIPPluginJar : add freertos
2025-07-12 23:39:32,684 [INFO] IPUIPlugin:80 - create IPUIPlugin
2025-07-12 23:39:32,684 [INFO] PluginManager:220 - loadIPPluginJar : add genericplugin
2025-07-12 23:39:32,685 [INFO] IPUIPlugin:80 - create IPUIPlugin
2025-07-12 23:39:32,685 [INFO] PluginManager:220 - loadIPPluginJar : add gfxmmu
2025-07-12 23:39:32,688 [INFO] IPUIPlugin:80 - create IPUIPlugin
2025-07-12 23:39:32,688 [INFO] PluginManager:220 - loadIPPluginJar : add gic
2025-07-12 23:39:32,690 [INFO] IPUIPlugin:80 - create IPUIPlugin
2025-07-12 23:39:32,690 [INFO] PluginManager:220 - loadIPPluginJar : add gpio
2025-07-12 23:39:32,691 [INFO] IPUIPlugin:80 - create IPUIPlugin
2025-07-12 23:39:32,691 [INFO] PluginManager:220 - loadIPPluginJar : add gtzc
2025-07-12 23:39:32,692 [INFO] IPUIPlugin:80 - create IPUIPlugin
2025-07-12 23:39:32,692 [INFO] PluginManager:220 - loadIPPluginJar : add hash
2025-07-12 23:39:32,694 [INFO] IPUIPlugin:80 - create IPUIPlugin
2025-07-12 23:39:32,694 [INFO] PluginManager:220 - loadIPPluginJar : add i2c
2025-07-12 23:39:32,696 [INFO] IPUIPlugin:80 - create IPUIPlugin
2025-07-12 23:39:32,696 [INFO] PluginManager:220 - loadIPPluginJar : add i2s
2025-07-12 23:39:32,697 [INFO] IPUIPlugin:80 - create IPUIPlugin
2025-07-12 23:39:32,698 [INFO] PluginManager:220 - loadIPPluginJar : add i3c
2025-07-12 23:39:32,699 [INFO] IPUIPlugin:80 - create IPUIPlugin
2025-07-12 23:39:32,699 [INFO] PluginManager:220 - loadIPPluginJar : add ipddr
2025-07-12 23:39:32,704 [INFO] IPUIPlugin:80 - create IPUIPlugin
2025-07-12 23:39:32,705 [INFO] PluginManager:220 - loadIPPluginJar : add linkedlist
2025-07-12 23:39:32,706 [INFO] IPUIPlugin:80 - create IPUIPlugin
2025-07-12 23:39:32,707 [INFO] PluginManager:220 - loadIPPluginJar : add lorawan
2025-07-12 23:39:32,708 [INFO] IPUIPlugin:80 - create IPUIPlugin
2025-07-12 23:39:32,708 [INFO] PluginManager:220 - loadIPPluginJar : add ltdc
2025-07-12 23:39:32,712 [INFO] IPUIPlugin:80 - create IPUIPlugin
2025-07-12 23:39:32,712 [INFO] PluginManager:220 - loadIPPluginJar : add mdma
2025-07-12 23:39:32,715 [INFO] IPUIPlugin:80 - create IPUIPlugin
2025-07-12 23:39:32,715 [INFO] PluginManager:220 - loadIPPluginJar : add nvic
2025-07-12 23:39:32,717 [INFO] IPUIPlugin:80 - create IPUIPlugin
2025-07-12 23:39:32,717 [INFO] PluginManager:220 - loadIPPluginJar : add opamp
2025-07-12 23:39:32,719 [INFO] IPUIPlugin:80 - create IPUIPlugin
2025-07-12 23:39:32,719 [INFO] PluginManager:220 - loadIPPluginJar : add openamp
2025-07-12 23:39:32,721 [INFO] IPUIPlugin:80 - create IPUIPlugin
2025-07-12 23:39:32,721 [INFO] PluginManager:220 - loadIPPluginJar : add pdm2pcm
2025-07-12 23:39:32,724 [INFO] IPUIPlugin:80 - create IPUIPlugin
2025-07-12 23:39:32,725 [INFO] PluginManager:220 - loadIPPluginJar : add plateformsettings
2025-07-12 23:39:32,726 [INFO] IPUIPlugin:80 - create IPUIPlugin
2025-07-12 23:39:32,726 [INFO] PluginManager:220 - loadIPPluginJar : add quadspi
2025-07-12 23:39:32,727 [INFO] IPUIPlugin:80 - create IPUIPlugin
2025-07-12 23:39:32,727 [INFO] PluginManager:220 - loadIPPluginJar : add radio
2025-07-12 23:39:32,729 [INFO] IPUIPlugin:80 - create IPUIPlugin
2025-07-12 23:39:32,729 [INFO] PluginManager:220 - loadIPPluginJar : add resmgrutility
2025-07-12 23:39:32,731 [INFO] IPUIPlugin:80 - create IPUIPlugin
2025-07-12 23:39:32,731 [INFO] PluginManager:220 - loadIPPluginJar : add sai
2025-07-12 23:39:32,731 [INFO] IPUIPlugin:80 - create IPUIPlugin
2025-07-12 23:39:32,731 [INFO] PluginManager:220 - loadIPPluginJar : add spi
2025-07-12 23:39:32,735 [INFO] IPUIPlugin:80 - create IPUIPlugin
2025-07-12 23:39:32,735 [INFO] PluginManager:220 - loadIPPluginJar : add stm32_wpan
2025-07-12 23:39:32,736 [INFO] IPUIPlugin:80 - create IPUIPlugin
2025-07-12 23:39:32,736 [INFO] PluginManager:220 - loadIPPluginJar : add tim
2025-07-12 23:39:32,738 [INFO] IPUIPlugin:80 - create IPUIPlugin
2025-07-12 23:39:32,738 [INFO] PluginManager:220 - loadIPPluginJar : add touchsensing
2025-07-12 23:39:32,739 [INFO] IPUIPlugin:80 - create IPUIPlugin
2025-07-12 23:39:32,739 [INFO] PluginManager:220 - loadIPPluginJar : add tracer_emb
2025-07-12 23:39:32,739 [INFO] IPUIPlugin:80 - create IPUIPlugin
2025-07-12 23:39:32,739 [INFO] PluginManager:220 - loadIPPluginJar : add ts
2025-07-12 23:39:32,740 [INFO] IPUIPlugin:80 - create IPUIPlugin
2025-07-12 23:39:32,740 [INFO] PluginManager:220 - loadIPPluginJar : add tsc
2025-07-12 23:39:32,741 [INFO] IPUIPlugin:80 - create IPUIPlugin
2025-07-12 23:39:32,741 [INFO] PluginManager:220 - loadIPPluginJar : add ucpd
2025-07-12 23:39:32,742 [INFO] IPUIPlugin:80 - create IPUIPlugin
2025-07-12 23:39:32,742 [INFO] PluginManager:220 - loadIPPluginJar : add usart
2025-07-12 23:39:32,742 [INFO] IPUIPlugin:80 - create IPUIPlugin
2025-07-12 23:39:32,742 [INFO] PluginManager:220 - loadIPPluginJar : add usbx
2025-07-12 23:39:32,847 [FATAL] Updater:351 - Updater called before beeing initialized
2025-07-12 23:39:32,866 [INFO] RulesReader:64 - Compatibility file has been processed (302 Rules)
2025-07-12 23:39:32,874 [INFO] RulesReader:64 - Compatibility file has been processed (302 Rules)
2025-07-12 23:39:32,880 [INFO] CADModel:165 - CPN selected for project level
2025-07-12 23:39:32,881 [INFO] CADModel:114 - Register for checkConnection events
2025-07-12 23:39:32,882 [FATAL] Updater:351 - Updater called before beeing initialized
2025-07-12 23:39:32,882 [ERROR] CADModel:125 - Updater not yet initialized, retry later 
2025-07-12 23:39:32,973 [FATAL] Updater:351 - Updater called before beeing initialized
2025-07-12 23:39:32,974 [INFO] CADModel:165 - CPN selected for project level
2025-07-12 23:39:32,974 [INFO] CADModel:114 - Register for checkConnection events
2025-07-12 23:39:32,974 [FATAL] Updater:351 - Updater called before beeing initialized
2025-07-12 23:39:32,974 [ERROR] CADModel:125 - Updater not yet initialized, retry later 
2025-07-12 23:39:32,975 [FATAL] Updater:351 - Updater called before beeing initialized
2025-07-12 23:39:33,044 [FATAL] Updater:351 - Updater called before beeing initialized
2025-07-12 23:39:33,046 [INFO] DbMcusAds:53 - JSON generation date=Thu Jun 19 11:32:34 MSK 2025 (1750321954415)
2025-07-12 23:39:33,046 [FATAL] Updater:351 - Updater called before beeing initialized
2025-07-12 23:39:33,067 [WARN] DetailPanel:346 - Failed to get advertising image, set to default
2025-07-12 23:39:33,210 [FATAL] Updater:351 - Updater called before beeing initialized
2025-07-12 23:39:33,210 [FATAL] Updater:351 - Updater called before beeing initialized
2025-07-12 23:39:33,212 [FATAL] Updater:351 - Updater called before beeing initialized
2025-07-12 23:39:33,212 [WARN] DetailPanel:346 - Failed to get advertising image, set to default
2025-07-12 23:39:33,212 [FATAL] Updater:351 - Updater called before beeing initialized
2025-07-12 23:39:33,244 [ERROR] Updater:1198 - MainUpdater not yet initialized. External WinMGr cannot be set.
2025-07-12 23:39:33,245 [INFO] Updater:1134 - Updater Version found : 6.14.1
2025-07-12 23:39:33,255 [INFO] ApplicationProperties:184 - Using Application install path: C:\ST\STM32CubeIDE_1.18.1\STM32CubeIDE\plugins\com.st.stm32cube.common.mx_6.14.1.202504091515
2025-07-12 23:39:34,817 [ERROR] LogOutputStream:75 - [STDERR_REDIRECT] Jul 12, 2025 11:39:34 PM java.util.prefs.WindowsPreferences <init>
2025-07-12 23:39:34,818 [ERROR] LogOutputStream:75 - [STDERR_REDIRECT] WARNING: Could not open/create prefs root node Software\JavaSoft\Prefs at root 0xffffffff80000002. Windows RegCreateKeyEx(...) returned error code 5.
2025-07-12 23:39:34,818 [ERROR] LogOutputStream:75 - [STDERR_REDIRECT] 
2025-07-12 23:39:34,977 [INFO] MainUpdater:2872 - connection check result : 22
2025-07-12 23:39:34,977 [INFO] MainUpdater:289 - Updater Check For Update Now.
2025-07-12 23:39:34,978 [INFO] MicroXplorer:498 - Change Database Version : DB.6.0.141
2025-07-12 23:39:34,992 [INFO] McuFinderGlobals:63 - Set McuFinder mode to 2 (CubeIDE integrated)
2025-07-12 23:39:34,993 [INFO] UserAuth:484 - Internet connection configuration mode: 2
2025-07-12 23:39:35,007 [INFO] UserAuth:484 - Internet connection configuration mode: 2
2025-07-12 23:39:35,139 [INFO] CheckServerUpdateThread:120 - End of CheckServer Thread
2025-07-12 23:39:35,433 [WARN] PackLoader:240 - Cannot read IP mode file for STMicroelectronics.FP-SNS-MOTENVWB1.1.4.0
2025-07-12 23:39:35,439 [WARN] PackLoader:240 - Cannot read IP mode file for STMicroelectronics.X-CUBE-SMBUS.2.1.0
2025-07-12 23:39:35,463 [WARN] PackLoader:240 - Cannot read IP mode file for STMicroelectronics.X-CUBE-AZRTOS-F7.1.1.0
2025-07-12 23:39:35,475 [WARN] PackLoader:240 - Cannot read IP mode file for STMicroelectronics.X-CUBE-DISPLAY.3.0.0
2025-07-12 23:39:35,485 [WARN] PackLoader:240 - Cannot read IP mode file for STMicroelectronics.X-CUBE-NFC10.1.0.0
2025-07-12 23:39:35,493 [WARN] PackLoader:240 - Cannot read IP mode file for STMicroelectronics.X-CUBE-BLEMGR.4.0.0
2025-07-12 23:39:35,499 [WARN] PackLoader:240 - Cannot read IP mode file for STMicroelectronics.FP-SNS-SMARTAG2.1.2.0
2025-07-12 23:39:35,506 [INFO] LogOutputStream:77 - [STDOUT_REDIRECT] 1 : Invalid condition id : UX_CORESTACK_Condition cause : null
2025-07-12 23:39:35,506 [INFO] LogOutputStream:77 - [STDOUT_REDIRECT] 1 : Invalid condition id : UX_CORESTACK_Condition cause : null
2025-07-12 23:39:35,507 [INFO] LogOutputStream:77 - [STDOUT_REDIRECT] 1 : Invalid condition id : UX_CORESTACK_Condition cause : null
2025-07-12 23:39:35,508 [INFO] LogOutputStream:77 - [STDOUT_REDIRECT] 1 : Invalid condition id : UX_CORESTACK_Condition cause : null
2025-07-12 23:39:35,509 [INFO] LogOutputStream:77 - [STDOUT_REDIRECT] 1 : Invalid condition id : UX_CORESTACK_Condition cause : null
2025-07-12 23:39:35,511 [WARN] PackLoader:240 - Cannot read IP mode file for STMicroelectronics.X-CUBE-AZRTOS-WL.2.0.0
2025-07-12 23:39:35,514 [WARN] PackLoader:240 - Cannot read IP mode file for STMicroelectronics.FP-SNS-MOTENV1.5.0.0
2025-07-12 23:39:35,521 [WARN] PackLoader:240 - Cannot read IP mode file for STMicroelectronics.X-CUBE-BLE2.3.3.0
2025-07-12 23:39:35,525 [WARN] PackLoader:240 - Cannot read IP mode file for STMicroelectronics.X-CUBE-NFC9.1.0.0
2025-07-12 23:39:35,535 [WARN] PackLoader:240 - Cannot read IP mode file for STMicroelectronics.X-CUBE-AZRTOS-G0.1.1.0
2025-07-12 23:39:35,541 [WARN] PackLoader:240 - Cannot read IP mode file for STMicroelectronics.X-CUBE-SAFEA1.1.2.2
2025-07-12 23:39:35,546 [WARN] PackLoader:240 - Cannot read IP mode file for STMicroelectronics.X-CUBE-NFC4.3.0.0
2025-07-12 23:39:35,550 [WARN] PackLoader:240 - Cannot read IP mode file for STMicroelectronics.X-CUBE-TCPP.4.2.0
2025-07-12 23:39:35,556 [WARN] PackLoader:240 - Cannot read IP mode file for RealThread.X-CUBE-RT-Thread_Nano.4.1.1
2025-07-12 23:39:35,558 [WARN] PackLoader:240 - Cannot read IP mode file for STMicroelectronics.FP-ATR-SIGFOX1.3.2.0
2025-07-12 23:39:35,562 [WARN] PackLoader:240 - Cannot read IP mode file for STMicroelectronics.X-CUBE-EEPRMA1.5.1.0
2025-07-12 23:39:35,586 [WARN] PackLoader:240 - Cannot read IP mode file for SEGGER.I-CUBE-embOS.1.3.1
2025-07-12 23:39:35,612 [WARN] PackLoader:240 - Cannot read IP mode file for STMicroelectronics.X-CUBE-ALGOBUILD.1.4.0
2025-07-12 23:39:35,621 [WARN] PackLoader:240 - Cannot read IP mode file for STMicroelectronics.X-CUBE-AZRTOS-F4.1.1.0
2025-07-12 23:39:35,625 [WARN] PackLoader:240 - Cannot read IP mode file for STMicroelectronics.X-CUBE-ISPU.2.1.0
2025-07-12 23:39:35,634 [WARN] PackLoader:240 - Cannot read IP mode file for STMicroelectronics.X-CUBE-AZRTOS-L5.2.0.0
2025-07-12 23:39:35,641 [WARN] PackLoader:240 - Cannot read IP mode file for STMicroelectronics.X-CUBE-NFC6.3.1.0
2025-07-12 23:39:35,651 [WARN] ConditionMgr:438 - getConditionDescription Invalid condition id : LAN8742 Phy interface Condition cause : null
2025-07-12 23:39:35,652 [WARN] PackLoader:240 - Cannot read IP mode file for STMicroelectronics.X-CUBE-AZRTOS-L4.2.0.0
2025-07-12 23:39:35,653 [WARN] ConditionMgr:1044 - genDependencies : Invalid condition id : LAN8742 Phy interface Condition cause : null
2025-07-12 23:39:35,653 [WARN] ConditionMgr:1044 - genDependencies : Invalid condition id : LAN8742 Phy interface Condition cause : null
2025-07-12 23:39:35,653 [WARN] ConditionMgr:1044 - genDependencies : Invalid condition id : LAN8742 Phy interface Condition cause : null
2025-07-12 23:39:35,657 [WARN] PackLoader:240 - Cannot read IP mode file for STMicroelectronics.X-CUBE-SFXS2LP1.4.0.0
2025-07-12 23:39:35,667 [WARN] PackLoader:240 - Cannot read IP mode file for STMicroelectronics.X-CUBE-AZRTOS-H7.3.3.0
2025-07-12 23:39:35,676 [WARN] ConditionMgr:438 - getConditionDescription Invalid condition id : UX DEVICE CLASS RTOS Condition cause : null
2025-07-12 23:39:35,676 [WARN] ConditionMgr:438 - getConditionDescription Invalid condition id : UX DEVICE CLASS RTOS Condition cause : null
2025-07-12 23:39:35,677 [WARN] PackLoader:240 - Cannot read IP mode file for STMicroelectronics.X-CUBE-AZRTOS-WB.2.0.0
2025-07-12 23:39:35,677 [WARN] ConditionMgr:1044 - genDependencies : Invalid condition id : UX DEVICE CLASS RTOS Condition cause : null
2025-07-12 23:39:35,677 [WARN] ConditionMgr:1044 - genDependencies : Invalid condition id : UX DEVICE CLASS RTOS Condition cause : null
2025-07-12 23:39:35,677 [WARN] ConditionMgr:1044 - genDependencies : Invalid condition id : UX DEVICE CLASS RTOS Condition cause : null
2025-07-12 23:39:35,677 [WARN] ConditionMgr:1044 - genDependencies : Invalid condition id : UX DEVICE CLASS RTOS Condition cause : null
2025-07-12 23:39:35,677 [WARN] ConditionMgr:1044 - genDependencies : Invalid condition id : UX DEVICE CLASS RTOS Condition cause : null
2025-07-12 23:39:35,681 [WARN] PackLoader:240 - Cannot read IP mode file for STMicroelectronics.X-CUBE-GNSS1.7.0.1
2025-07-12 23:39:35,685 [WARN] PackLoader:240 - Cannot read IP mode file for STMicroelectronics.FP-SNS-STBOX1.2.0.0
2025-07-12 23:39:35,690 [WARN] PackLoader:240 - Cannot read IP mode file for STMicroelectronics.X-CUBE-SUBG2.5.0.0
2025-07-12 23:39:35,699 [WARN] PackLoader:240 - Cannot read IP mode file for STMicroelectronics.X-CUBE-AZRTOS-G4.2.0.0
2025-07-12 23:39:35,706 [WARN] PackLoader:240 - Cannot read IP mode file for STMicroelectronics.X-CUBE-IPS.3.1.0
2025-07-12 23:39:35,711 [WARN] PackLoader:240 - Cannot read IP mode file for STMicroelectronics.X-CUBE-ALS.1.0.2
2025-07-12 23:39:35,714 [WARN] PackLoader:240 - Cannot read IP mode file for portGmbH.I-Cube-SoM-uGOAL.1.1.0
2025-07-12 23:39:35,715 [INFO] ThirdParty:978 - Integrity check success = true
2025-07-12 23:39:35,715 [INFO] IntegrityCheckThread:100 - exiting critical section [integrity check]
2025-07-12 23:39:35,715 [INFO] IntegrityCheckThread:103 - End integrity checks thread
2025-07-12 23:39:36,077 [ERROR] LogOutputStream:75 - [STDERR_REDIRECT] [Fatal Error] :1:1: Premature end of file.
2025-07-12 23:39:36,078 [ERROR] LogOutputStream:75 - [STDERR_REDIRECT] 
2025-07-12 23:39:37,066 [ERROR] LogOutputStream:75 - [STDERR_REDIRECT] [Fatal Error] :1:1: Premature end of file.
2025-07-12 23:39:37,066 [ERROR] LogOutputStream:75 - [STDERR_REDIRECT] 
2025-07-12 23:39:38,063 [ERROR] LogOutputStream:75 - [STDERR_REDIRECT] [Fatal Error] :1:1: Premature end of file.
2025-07-12 23:39:38,063 [ERROR] LogOutputStream:75 - [STDERR_REDIRECT] 
2025-07-12 23:39:39,072 [ERROR] LogOutputStream:75 - [STDERR_REDIRECT] [Fatal Error] :1:1: Premature end of file.
2025-07-12 23:39:39,072 [ERROR] LogOutputStream:75 - [STDERR_REDIRECT] 
2025-07-12 23:39:40,065 [ERROR] LogOutputStream:75 - [STDERR_REDIRECT] [Fatal Error] :1:1: Premature end of file.
2025-07-12 23:39:40,065 [ERROR] LogOutputStream:75 - [STDERR_REDIRECT] 
2025-07-12 23:39:41,063 [ERROR] LogOutputStream:75 - [STDERR_REDIRECT] [Fatal Error] :1:1: Premature end of file.
2025-07-12 23:39:41,063 [ERROR] LogOutputStream:75 - [STDERR_REDIRECT] 
2025-07-12 23:39:42,064 [ERROR] LogOutputStream:75 - [STDERR_REDIRECT] [Fatal Error] :1:1: Premature end of file.
2025-07-12 23:39:42,064 [ERROR] LogOutputStream:75 - [STDERR_REDIRECT] 
2025-07-12 23:39:43,063 [ERROR] LogOutputStream:75 - [STDERR_REDIRECT] [Fatal Error] :1:1: Premature end of file.
2025-07-12 23:39:43,063 [ERROR] LogOutputStream:75 - [STDERR_REDIRECT] 
2025-07-12 23:39:44,069 [ERROR] LogOutputStream:75 - [STDERR_REDIRECT] [Fatal Error] :1:1: Premature end of file.
2025-07-12 23:39:44,069 [ERROR] LogOutputStream:75 - [STDERR_REDIRECT] 
2025-07-12 23:39:45,062 [ERROR] LogOutputStream:75 - [STDERR_REDIRECT] [Fatal Error] :1:1: Premature end of file.
2025-07-12 23:39:45,062 [ERROR] LogOutputStream:75 - [STDERR_REDIRECT] 
2025-07-12 23:39:46,064 [ERROR] LogOutputStream:75 - [STDERR_REDIRECT] [Fatal Error] :1:1: Premature end of file.
2025-07-12 23:39:46,064 [ERROR] LogOutputStream:75 - [STDERR_REDIRECT] 
2025-07-12 23:39:47,072 [ERROR] LogOutputStream:75 - [STDERR_REDIRECT] [Fatal Error] :1:1: Premature end of file.
2025-07-12 23:39:47,072 [ERROR] LogOutputStream:75 - [STDERR_REDIRECT] 
2025-07-12 23:39:48,063 [ERROR] LogOutputStream:75 - [STDERR_REDIRECT] [Fatal Error] :1:1: Premature end of file.
2025-07-12 23:39:48,063 [ERROR] LogOutputStream:75 - [STDERR_REDIRECT] 
2025-07-12 23:39:49,069 [ERROR] LogOutputStream:75 - [STDERR_REDIRECT] [Fatal Error] :1:1: Premature end of file.
2025-07-12 23:39:49,069 [ERROR] LogOutputStream:75 - [STDERR_REDIRECT] 
2025-07-12 23:39:50,066 [ERROR] LogOutputStream:75 - [STDERR_REDIRECT] [Fatal Error] :1:1: Premature end of file.
2025-07-12 23:39:50,066 [ERROR] LogOutputStream:75 - [STDERR_REDIRECT] 
2025-07-12 23:39:51,067 [ERROR] LogOutputStream:75 - [STDERR_REDIRECT] [Fatal Error] :1:1: Premature end of file.
2025-07-12 23:39:51,067 [ERROR] LogOutputStream:75 - [STDERR_REDIRECT] 
2025-07-12 23:39:52,064 [ERROR] LogOutputStream:75 - [STDERR_REDIRECT] [Fatal Error] :1:1: Premature end of file.
2025-07-12 23:39:52,064 [ERROR] LogOutputStream:75 - [STDERR_REDIRECT] 
2025-07-12 23:39:53,063 [ERROR] LogOutputStream:75 - [STDERR_REDIRECT] [Fatal Error] :1:1: Premature end of file.
2025-07-12 23:39:53,064 [ERROR] LogOutputStream:75 - [STDERR_REDIRECT] 
2025-07-12 23:39:54,066 [ERROR] LogOutputStream:75 - [STDERR_REDIRECT] [Fatal Error] :1:1: Premature end of file.
2025-07-12 23:39:54,066 [ERROR] LogOutputStream:75 - [STDERR_REDIRECT] 
2025-07-12 23:39:55,071 [ERROR] LogOutputStream:75 - [STDERR_REDIRECT] [Fatal Error] :1:1: Premature end of file.
2025-07-12 23:39:55,071 [ERROR] LogOutputStream:75 - [STDERR_REDIRECT] 
2025-07-12 23:39:56,063 [ERROR] LogOutputStream:75 - [STDERR_REDIRECT] [Fatal Error] :1:1: Premature end of file.
2025-07-12 23:39:56,063 [ERROR] LogOutputStream:75 - [STDERR_REDIRECT] 
2025-07-12 23:39:57,065 [ERROR] LogOutputStream:75 - [STDERR_REDIRECT] [Fatal Error] :1:1: Premature end of file.
2025-07-12 23:39:57,066 [ERROR] LogOutputStream:75 - [STDERR_REDIRECT] 
2025-07-12 23:39:58,063 [ERROR] LogOutputStream:75 - [STDERR_REDIRECT] [Fatal Error] :1:1: Premature end of file.
2025-07-12 23:39:58,063 [ERROR] LogOutputStream:75 - [STDERR_REDIRECT] 
2025-07-12 23:39:59,067 [ERROR] LogOutputStream:75 - [STDERR_REDIRECT] [Fatal Error] :1:1: Premature end of file.
2025-07-12 23:39:59,067 [ERROR] LogOutputStream:75 - [STDERR_REDIRECT] 
2025-07-12 23:40:00,065 [ERROR] LogOutputStream:75 - [STDERR_REDIRECT] [Fatal Error] :1:1: Premature end of file.
2025-07-12 23:40:00,066 [ERROR] LogOutputStream:75 - [STDERR_REDIRECT] 
2025-07-12 23:40:01,064 [ERROR] LogOutputStream:75 - [STDERR_REDIRECT] [Fatal Error] :1:1: Premature end of file.
2025-07-12 23:40:01,064 [ERROR] LogOutputStream:75 - [STDERR_REDIRECT] 
2025-07-12 23:40:02,064 [ERROR] LogOutputStream:75 - [STDERR_REDIRECT] [Fatal Error] :1:1: Premature end of file.
2025-07-12 23:40:02,064 [ERROR] LogOutputStream:75 - [STDERR_REDIRECT] 
2025-07-12 23:40:03,062 [ERROR] LogOutputStream:75 - [STDERR_REDIRECT] [Fatal Error] :1:1: Premature end of file.
2025-07-12 23:40:03,062 [ERROR] LogOutputStream:75 - [STDERR_REDIRECT] 
2025-07-12 23:40:04,064 [ERROR] LogOutputStream:75 - [STDERR_REDIRECT] [Fatal Error] :1:1: Premature end of file.
2025-07-12 23:40:04,064 [ERROR] LogOutputStream:75 - [STDERR_REDIRECT] 
2025-07-12 23:40:05,062 [ERROR] LogOutputStream:75 - [STDERR_REDIRECT] [Fatal Error] :1:1: Premature end of file.
2025-07-12 23:40:05,062 [ERROR] LogOutputStream:75 - [STDERR_REDIRECT] 
2025-07-12 23:40:06,064 [ERROR] LogOutputStream:75 - [STDERR_REDIRECT] [Fatal Error] :1:1: Premature end of file.
2025-07-12 23:40:06,065 [ERROR] LogOutputStream:75 - [STDERR_REDIRECT] 
2025-07-12 23:40:07,065 [ERROR] LogOutputStream:75 - [STDERR_REDIRECT] [Fatal Error] :1:1: Premature end of file.
2025-07-12 23:40:07,065 [ERROR] LogOutputStream:75 - [STDERR_REDIRECT] 
2025-07-12 23:40:08,067 [ERROR] LogOutputStream:75 - [STDERR_REDIRECT] [Fatal Error] :1:1: Premature end of file.
2025-07-12 23:40:08,067 [ERROR] LogOutputStream:75 - [STDERR_REDIRECT] 
2025-07-12 23:40:09,064 [ERROR] LogOutputStream:75 - [STDERR_REDIRECT] [Fatal Error] :1:1: Premature end of file.
2025-07-12 23:40:09,064 [ERROR] LogOutputStream:75 - [STDERR_REDIRECT] 
2025-07-12 23:40:10,067 [ERROR] LogOutputStream:75 - [STDERR_REDIRECT] [Fatal Error] :1:1: Premature end of file.
2025-07-12 23:40:10,067 [ERROR] LogOutputStream:75 - [STDERR_REDIRECT] 
2025-07-12 23:40:11,066 [ERROR] LogOutputStream:75 - [STDERR_REDIRECT] [Fatal Error] :1:1: Premature end of file.
2025-07-12 23:40:11,066 [ERROR] LogOutputStream:75 - [STDERR_REDIRECT] 
2025-07-12 23:40:12,063 [ERROR] LogOutputStream:75 - [STDERR_REDIRECT] [Fatal Error] :1:1: Premature end of file.
2025-07-12 23:40:12,063 [ERROR] LogOutputStream:75 - [STDERR_REDIRECT] 
2025-07-12 23:40:13,068 [ERROR] LogOutputStream:75 - [STDERR_REDIRECT] [Fatal Error] :1:1: Premature end of file.
2025-07-12 23:40:13,068 [ERROR] LogOutputStream:75 - [STDERR_REDIRECT] 
2025-07-12 23:40:14,065 [ERROR] LogOutputStream:75 - [STDERR_REDIRECT] [Fatal Error] :1:1: Premature end of file.
2025-07-12 23:40:14,065 [ERROR] LogOutputStream:75 - [STDERR_REDIRECT] 
2025-07-12 23:40:15,063 [ERROR] LogOutputStream:75 - [STDERR_REDIRECT] [Fatal Error] :1:1: Premature end of file.
2025-07-12 23:40:15,063 [ERROR] LogOutputStream:75 - [STDERR_REDIRECT] 
2025-07-12 23:40:16,068 [ERROR] LogOutputStream:75 - [STDERR_REDIRECT] [Fatal Error] :1:1: Premature end of file.
2025-07-12 23:40:16,068 [ERROR] LogOutputStream:75 - [STDERR_REDIRECT] 
2025-07-12 23:40:17,069 [ERROR] LogOutputStream:75 - [STDERR_REDIRECT] [Fatal Error] :1:1: Premature end of file.
2025-07-12 23:40:17,069 [ERROR] LogOutputStream:75 - [STDERR_REDIRECT] 
2025-07-12 23:40:18,063 [ERROR] LogOutputStream:75 - [STDERR_REDIRECT] [Fatal Error] :1:1: Premature end of file.
2025-07-12 23:40:18,063 [ERROR] LogOutputStream:75 - [STDERR_REDIRECT] 
2025-07-12 23:40:19,062 [ERROR] LogOutputStream:75 - [STDERR_REDIRECT] [Fatal Error] :1:1: Premature end of file.
2025-07-12 23:40:19,062 [ERROR] LogOutputStream:75 - [STDERR_REDIRECT] 
2025-07-12 23:40:20,068 [ERROR] LogOutputStream:75 - [STDERR_REDIRECT] [Fatal Error] :1:1: Premature end of file.
2025-07-12 23:40:20,068 [ERROR] LogOutputStream:75 - [STDERR_REDIRECT] 
2025-07-12 23:40:21,064 [ERROR] LogOutputStream:75 - [STDERR_REDIRECT] [Fatal Error] :1:1: Premature end of file.
2025-07-12 23:40:21,064 [ERROR] LogOutputStream:75 - [STDERR_REDIRECT] 
2025-07-12 23:40:22,067 [ERROR] LogOutputStream:75 - [STDERR_REDIRECT] [Fatal Error] :1:1: Premature end of file.
2025-07-12 23:40:22,068 [ERROR] LogOutputStream:75 - [STDERR_REDIRECT] 
2025-07-12 23:40:23,065 [ERROR] LogOutputStream:75 - [STDERR_REDIRECT] [Fatal Error] :1:1: Premature end of file.
2025-07-12 23:40:23,065 [ERROR] LogOutputStream:75 - [STDERR_REDIRECT] 
2025-07-12 23:40:24,067 [ERROR] LogOutputStream:75 - [STDERR_REDIRECT] [Fatal Error] :1:1: Premature end of file.
2025-07-12 23:40:24,068 [ERROR] LogOutputStream:75 - [STDERR_REDIRECT] 
2025-07-12 23:40:25,064 [ERROR] LogOutputStream:75 - [STDERR_REDIRECT] [Fatal Error] :1:1: Premature end of file.
2025-07-12 23:40:25,064 [ERROR] LogOutputStream:75 - [STDERR_REDIRECT] 
2025-07-12 23:40:26,066 [ERROR] LogOutputStream:75 - [STDERR_REDIRECT] [Fatal Error] :1:1: Premature end of file.
2025-07-12 23:40:26,066 [ERROR] LogOutputStream:75 - [STDERR_REDIRECT] 
2025-07-12 23:40:27,066 [ERROR] LogOutputStream:75 - [STDERR_REDIRECT] [Fatal Error] :1:1: Premature end of file.
2025-07-12 23:40:27,066 [ERROR] LogOutputStream:75 - [STDERR_REDIRECT] 
2025-07-12 23:40:28,065 [ERROR] LogOutputStream:75 - [STDERR_REDIRECT] [Fatal Error] :1:1: Premature end of file.
2025-07-12 23:40:28,065 [ERROR] LogOutputStream:75 - [STDERR_REDIRECT] 
2025-07-12 23:40:29,064 [ERROR] LogOutputStream:75 - [STDERR_REDIRECT] [Fatal Error] :1:1: Premature end of file.
2025-07-12 23:40:29,064 [ERROR] LogOutputStream:75 - [STDERR_REDIRECT] 
2025-07-12 23:40:30,062 [ERROR] LogOutputStream:75 - [STDERR_REDIRECT] [Fatal Error] :1:1: Premature end of file.
2025-07-12 23:40:30,063 [ERROR] LogOutputStream:75 - [STDERR_REDIRECT] 
2025-07-12 23:40:31,065 [ERROR] LogOutputStream:75 - [STDERR_REDIRECT] [Fatal Error] :1:1: Premature end of file.
2025-07-12 23:40:31,065 [ERROR] LogOutputStream:75 - [STDERR_REDIRECT] 
2025-07-12 23:40:32,064 [ERROR] LogOutputStream:75 - [STDERR_REDIRECT] [Fatal Error] :1:1: Premature end of file.
2025-07-12 23:40:32,064 [ERROR] LogOutputStream:75 - [STDERR_REDIRECT] 
2025-07-12 23:40:32,471 [ERROR] ConfigurationRetriever:142 - IOException on connection: sw-center.st.com
2025-07-12 23:40:32,472 [ERROR] ConfigurationRetriever:142 - IOException on connection: sw-center.st.com
2025-07-12 23:40:32,472 [ERROR] ConfigurationRetriever:142 - IOException on connection: sw-center.st.com
2025-07-12 23:40:33,061 [ERROR] LogOutputStream:75 - [STDERR_REDIRECT] 
