2025-07-13 10:11:16,948 [INFO] Activator:176 - 


2025-07-13 10:11:16,950 [INFO] Activator:177 - !SESSION log4j initialized
2025-07-13 10:11:19,401 [INFO] LogOutputStream:77 - [STDOUT_REDIRECT] 
2025-07-13 10:11:21,179 [INFO] ApplicationProperties:184 - Using Application install path: C:\ST\STM32CubeIDE_1.18.1\STM32CubeIDE\plugins\com.st.stm32cube.common.mx_6.14.1.202504091515
2025-07-13 10:11:21,194 [INFO] DbMcusXml:78 - Set database path to: C:\ST\STM32CubeIDE_1.18.1\STM32CubeIDE\plugins\com.st.stm32cube.common.mx_6.14.1.202504091515\\db\/mcu/
2025-07-13 10:11:21,194 [INFO] ApiDb:274 - Set plugin database path to: C:\ST\STM32CubeIDE_1.18.1\STM32CubeIDE\plugins\com.st.stm32cube.common.mx_6.14.1.202504091515\\db\/plugins/boardmanager/
2025-07-13 10:11:21,198 [WARN] ApiDb:259 - Overriding images path with different value:  => C:\ST\STM32CubeIDE_1.18.1\STM32CubeIDE\plugins\com.st.stm32cube.common.mx_6.14.1.202504091515\\db\/plugins/mcufinder/images/
2025-07-13 10:11:21,202 [INFO] ApiDb:250 - Set database path to: C:\Users\sargs\.stmcufinder\plugins\mcufinder//mcu/
2025-07-13 10:11:21,203 [INFO] DbMcusAds:125 - Set database path to: C:\Users\sargs\.stmcufinder\plugins\mcufinder//mcu/
2025-07-13 10:11:21,205 [INFO] CrossReferenceDbSqlite:203 - Set database path to: C:\Users\sargs\.stmcufinder\plugins\mcufinder//mcu/cs/
2025-07-13 10:11:21,312 [INFO] RulesReader:64 - Compatibility file has been processed (302 Rules)
2025-07-13 10:11:21,400 [INFO] DbMcusXml:78 - Set database path to: C:\ST\STM32CubeIDE_1.18.1\STM32CubeIDE\plugins\com.st.stm32cube.common.mx_6.14.1.202504091515\\db\/mcu/
2025-07-13 10:11:21,400 [INFO] ApiDb:274 - Set plugin database path to: C:\ST\STM32CubeIDE_1.18.1\STM32CubeIDE\plugins\com.st.stm32cube.common.mx_6.14.1.202504091515\\db\/plugins/boardmanager/
2025-07-13 10:11:21,400 [INFO] ApiDb:261 - Set plugin images path to: C:\ST\STM32CubeIDE_1.18.1\STM32CubeIDE\plugins\com.st.stm32cube.common.mx_6.14.1.202504091515\\db\/plugins/mcufinder/images/
2025-07-13 10:11:21,401 [WARN] DbFile:41 - Overriding database path with different value: C:\Users\sargs\.stmcufinder\plugins\mcufinder/ => C:\Users\sargs\.stmcufinder\plugins\mcufinder
2025-07-13 10:11:21,401 [INFO] ApiDb:250 - Set database path to: C:\Users\sargs\.stmcufinder\plugins\mcufinder//mcu/
2025-07-13 10:11:21,401 [WARN] DbFile:41 - Overriding database path with different value: C:\Users\sargs\.stmcufinder\plugins\mcufinder/ => C:\Users\sargs\.stmcufinder\plugins\mcufinder
2025-07-13 10:11:21,401 [INFO] DbMcusAds:125 - Set database path to: C:\Users\sargs\.stmcufinder\plugins\mcufinder//mcu/
2025-07-13 10:11:21,401 [WARN] DbFile:41 - Overriding database path with different value: C:\Users\sargs\.stmcufinder\plugins\mcufinder/ => C:\Users\sargs\.stmcufinder\plugins\mcufinder
2025-07-13 10:11:21,401 [WARN] DbFile:41 - Overriding database path with different value: C:\Users\sargs\.stmcufinder\plugins\mcufinder/ => C:\Users\sargs\.stmcufinder\plugins\mcufinder
2025-07-13 10:11:21,401 [INFO] CrossReferenceDbSqlite:203 - Set database path to: C:\Users\sargs\.stmcufinder\plugins\mcufinder//mcu/cs/
2025-07-13 10:11:21,472 [INFO] MainPanel:272 - HeapMemory: 268435456
2025-07-13 10:11:21,545 [INFO] DbMcusXml:78 - Set database path to: C:\ST\STM32CubeIDE_1.18.1\STM32CubeIDE\plugins\com.st.stm32cube.common.mx_6.14.1.202504091515\\db\/mcu/
2025-07-13 10:11:21,545 [INFO] ApiDb:274 - Set plugin database path to: C:\ST\STM32CubeIDE_1.18.1\STM32CubeIDE\plugins\com.st.stm32cube.common.mx_6.14.1.202504091515\\db\/plugins/boardmanager/
2025-07-13 10:11:21,545 [INFO] ApiDb:261 - Set plugin images path to: C:\ST\STM32CubeIDE_1.18.1\STM32CubeIDE\plugins\com.st.stm32cube.common.mx_6.14.1.202504091515\\db\/plugins/mcufinder/images/
2025-07-13 10:11:21,546 [WARN] DbFile:41 - Overriding database path with different value: C:\Users\sargs\.stmcufinder\plugins\mcufinder/ => C:\Users\sargs\.stmcufinder\plugins\mcufinder
2025-07-13 10:11:21,546 [INFO] ApiDb:250 - Set database path to: C:\Users\sargs\.stmcufinder\plugins\mcufinder//mcu/
2025-07-13 10:11:21,546 [WARN] DbFile:41 - Overriding database path with different value: C:\Users\sargs\.stmcufinder\plugins\mcufinder/ => C:\Users\sargs\.stmcufinder\plugins\mcufinder
2025-07-13 10:11:21,546 [INFO] DbMcusAds:125 - Set database path to: C:\Users\sargs\.stmcufinder\plugins\mcufinder//mcu/
2025-07-13 10:11:21,546 [WARN] DbFile:41 - Overriding database path with different value: C:\Users\sargs\.stmcufinder\plugins\mcufinder/ => C:\Users\sargs\.stmcufinder\plugins\mcufinder
2025-07-13 10:11:21,546 [WARN] DbFile:41 - Overriding database path with different value: C:\Users\sargs\.stmcufinder\plugins\mcufinder/ => C:\Users\sargs\.stmcufinder\plugins\mcufinder
2025-07-13 10:11:21,546 [INFO] CrossReferenceDbSqlite:203 - Set database path to: C:\Users\sargs\.stmcufinder\plugins\mcufinder//mcu/cs/
2025-07-13 10:11:21,565 [INFO] ApplicationProperties:184 - Using Application install path: C:\ST\STM32CubeIDE_1.18.1\STM32CubeIDE\plugins\com.st.stm32cube.common.mx_6.14.1.202504091515
2025-07-13 10:11:21,567 [INFO] PluginManage:196 - Search for loadable plugins [exclusion list=, ]
2025-07-13 10:11:21,568 [INFO] PluginManage:310 - Check plugin analytics
2025-07-13 10:11:21,786 [INFO] AnalyticsPlugin:253 - Accepted Software Licenses: STM32CubeMX.6.14.1
2025-07-13 10:11:21,787 [INFO] AnalyticsPlugin:255 - Accepted CMSIS Pack Licenses: 
2025-07-13 10:11:21,787 [INFO] AnalyticsPlugin:257 - Accepted Firmware Licenses: FW.F4.1.28.0
2025-07-13 10:11:21,789 [INFO] PluginManage:359 - Loaded plugin analytics (category:tool,tabindex:-1)
2025-07-13 10:11:21,790 [INFO] PluginManage:310 - Check plugin cadmodel
2025-07-13 10:11:21,794 [INFO] CADModel:105 - Init CAD model plugin
2025-07-13 10:11:21,794 [INFO] PluginManage:359 - Loaded plugin cadmodel (category:power,tabindex:5)
2025-07-13 10:11:21,794 [INFO] PluginManage:310 - Check plugin clock
2025-07-13 10:11:21,806 [INFO] PluginManage:359 - Loaded plugin clock (category:base,tabindex:2)
2025-07-13 10:11:21,807 [INFO] PluginManage:310 - Check plugin ddr
2025-07-13 10:11:21,810 [INFO] PluginManage:359 - Loaded plugin ddr (category:tool,tabindex:6)
2025-07-13 10:11:21,810 [INFO] PluginManage:310 - Check plugin filemanager
2025-07-13 10:11:22,013 [INFO] PluginManage:359 - Loaded plugin filemanager (category:base,tabindex:10)
2025-07-13 10:11:22,014 [INFO] PluginManage:310 - Check plugin ipmanager
2025-07-13 10:11:22,022 [INFO] PluginManage:359 - Loaded plugin ipmanager (category:base,tabindex:5)
2025-07-13 10:11:22,022 [INFO] PluginManage:310 - Check plugin lpbam
2025-07-13 10:11:22,028 [INFO] PluginManage:359 - Loaded plugin lpbam (category:base,tabindex:0)
2025-07-13 10:11:22,028 [INFO] PluginManage:310 - Check plugin memorymap
2025-07-13 10:11:22,037 [INFO] PluginManage:359 - Loaded plugin memorymap (category:base,tabindex:4)
2025-07-13 10:11:22,037 [INFO] PluginManage:310 - Check plugin pinoutandconfiguration
2025-07-13 10:11:22,043 [INFO] PluginManage:359 - Loaded plugin pinoutandconfiguration (category:base,tabindex:1)
2025-07-13 10:11:22,043 [INFO] PluginManage:310 - Check plugin pinoutconfig
2025-07-13 10:11:22,121 [WARN] SupportedApi:132 - Cannot load RTOS API schema: s4s-elt-must-match.1: The content of 'definitions' must match (annotation?, (simpleType | complexType)?, (unique | key | keyref)*)). A problem was found starting at: attribute.
2025-07-13 10:11:22,228 [INFO] PluginManage:359 - Loaded plugin pinoutconfig (category:base,tabindex:0)
2025-07-13 10:11:22,228 [INFO] PluginManage:310 - Check plugin power
2025-07-13 10:11:22,235 [INFO] PluginManage:359 - Loaded plugin power (category:power,tabindex:4)
2025-07-13 10:11:22,235 [INFO] PluginManage:310 - Check plugin projectmanager
2025-07-13 10:11:22,250 [INFO] PluginManage:359 - Loaded plugin projectmanager (category:projectmanager,tabindex:4)
2025-07-13 10:11:22,250 [INFO] PluginManage:310 - Check plugin rif
2025-07-13 10:11:22,256 [INFO] PluginManage:359 - Loaded plugin rif (category:base,tabindex:3)
2025-07-13 10:11:22,256 [INFO] PluginManage:310 - Check plugin thirdparty
2025-07-13 10:11:22,368 [INFO] PluginManage:359 - Loaded plugin thirdparty (category:base,tabindex:-1)
2025-07-13 10:11:22,368 [WARN] IntegrityCheckThread:84 - waiting for thirdparty lock release [integrity check]
2025-07-13 10:11:22,369 [INFO] IntegrityCheckThread:86 - entering critical section [integrity check]
2025-07-13 10:11:22,369 [INFO] PluginManage:310 - Check plugin tools
2025-07-13 10:11:22,369 [INFO] ThirdPartyUpdaterWithRetryManager:70 - Updater plugin not ready yet. [1/15]
2025-07-13 10:11:22,371 [INFO] PluginManage:359 - Loaded plugin tools (category:base,tabindex:7)
2025-07-13 10:11:22,372 [INFO] PluginManage:310 - Check plugin tutovideos
2025-07-13 10:11:22,498 [INFO] PluginManage:359 - Loaded plugin tutovideos (category:base,tabindex:-1)
2025-07-13 10:11:22,498 [INFO] PluginManage:310 - Check plugin updater
2025-07-13 10:11:22,517 [INFO] PluginManage:359 - Loaded plugin updater (category:base,tabindex:12)
2025-07-13 10:11:22,517 [INFO] PluginManage:310 - Check plugin userauth
2025-07-13 10:11:22,520 [INFO] UserAuth:118 - Init User Auth plugin
2025-07-13 10:11:22,521 [INFO] PluginManage:359 - Loaded plugin userauth (category:base,tabindex:14)
2025-07-13 10:11:22,521 [INFO] PluginManage:283 - PluginManage : Loaded plugins [18]
2025-07-13 10:11:22,706 [INFO] PinOutPanel:1589 - setPackage(No Configuration,No Configuration)
2025-07-13 10:11:22,783 [INFO] CADModel:165 - CPN selected for project level
2025-07-13 10:11:22,783 [INFO] CADModel:114 - Register for checkConnection events
2025-07-13 10:11:22,799 [INFO] IPUIPlugin:80 - create IPUIPlugin
2025-07-13 10:11:22,799 [INFO] PluginManager:220 - loadIPPluginJar : add adc
2025-07-13 10:11:22,802 [INFO] IPUIPlugin:80 - create IPUIPlugin
2025-07-13 10:11:22,802 [INFO] PluginManager:220 - loadIPPluginJar : add aes
2025-07-13 10:11:22,804 [INFO] IPUIPlugin:80 - create IPUIPlugin
2025-07-13 10:11:22,804 [INFO] PluginManager:220 - loadIPPluginJar : add can
2025-07-13 10:11:22,806 [INFO] IPUIPlugin:80 - create IPUIPlugin
2025-07-13 10:11:22,806 [INFO] PluginManager:220 - loadIPPluginJar : add comp
2025-07-13 10:11:22,808 [INFO] IPUIPlugin:80 - create IPUIPlugin
2025-07-13 10:11:22,808 [INFO] PluginManager:220 - loadIPPluginJar : add cryp
2025-07-13 10:11:22,809 [INFO] IPUIPlugin:80 - create IPUIPlugin
2025-07-13 10:11:22,810 [INFO] PluginManager:220 - loadIPPluginJar : add ddr_ctrl_phy
2025-07-13 10:11:22,812 [INFO] IPUIPlugin:80 - create IPUIPlugin
2025-07-13 10:11:22,812 [INFO] PluginManager:220 - loadIPPluginJar : add dfsdm
2025-07-13 10:11:22,816 [INFO] IPUIPlugin:80 - create IPUIPlugin
2025-07-13 10:11:22,816 [INFO] PluginManager:220 - loadIPPluginJar : add dma
2025-07-13 10:11:22,818 [INFO] IPUIPlugin:80 - create IPUIPlugin
2025-07-13 10:11:22,818 [INFO] PluginManager:220 - loadIPPluginJar : add dma3
2025-07-13 10:11:22,820 [INFO] IPUIPlugin:80 - create IPUIPlugin
2025-07-13 10:11:22,820 [INFO] PluginManager:220 - loadIPPluginJar : add extmemmanager
2025-07-13 10:11:22,821 [INFO] IPUIPlugin:80 - create IPUIPlugin
2025-07-13 10:11:22,821 [INFO] PluginManager:220 - loadIPPluginJar : add fatfs
2025-07-13 10:11:22,825 [INFO] IPUIPlugin:80 - create IPUIPlugin
2025-07-13 10:11:22,825 [INFO] PluginManager:220 - loadIPPluginJar : add fmc
2025-07-13 10:11:22,829 [INFO] IPUIPlugin:80 - create IPUIPlugin
2025-07-13 10:11:22,829 [INFO] PluginManager:220 - loadIPPluginJar : add freertos
2025-07-13 10:11:22,831 [INFO] IPUIPlugin:80 - create IPUIPlugin
2025-07-13 10:11:22,831 [INFO] PluginManager:220 - loadIPPluginJar : add genericplugin
2025-07-13 10:11:22,832 [INFO] IPUIPlugin:80 - create IPUIPlugin
2025-07-13 10:11:22,832 [INFO] PluginManager:220 - loadIPPluginJar : add gfxmmu
2025-07-13 10:11:22,836 [INFO] IPUIPlugin:80 - create IPUIPlugin
2025-07-13 10:11:22,836 [INFO] PluginManager:220 - loadIPPluginJar : add gic
2025-07-13 10:11:22,838 [INFO] IPUIPlugin:80 - create IPUIPlugin
2025-07-13 10:11:22,838 [INFO] PluginManager:220 - loadIPPluginJar : add gpio
2025-07-13 10:11:22,840 [INFO] IPUIPlugin:80 - create IPUIPlugin
2025-07-13 10:11:22,840 [INFO] PluginManager:220 - loadIPPluginJar : add gtzc
2025-07-13 10:11:22,842 [INFO] IPUIPlugin:80 - create IPUIPlugin
2025-07-13 10:11:22,842 [INFO] PluginManager:220 - loadIPPluginJar : add hash
2025-07-13 10:11:22,843 [INFO] IPUIPlugin:80 - create IPUIPlugin
2025-07-13 10:11:22,843 [INFO] PluginManager:220 - loadIPPluginJar : add i2c
2025-07-13 10:11:22,845 [INFO] IPUIPlugin:80 - create IPUIPlugin
2025-07-13 10:11:22,845 [INFO] PluginManager:220 - loadIPPluginJar : add i2s
2025-07-13 10:11:22,847 [INFO] IPUIPlugin:80 - create IPUIPlugin
2025-07-13 10:11:22,847 [INFO] PluginManager:220 - loadIPPluginJar : add i3c
2025-07-13 10:11:22,849 [INFO] IPUIPlugin:80 - create IPUIPlugin
2025-07-13 10:11:22,850 [INFO] PluginManager:220 - loadIPPluginJar : add ipddr
2025-07-13 10:11:22,855 [INFO] IPUIPlugin:80 - create IPUIPlugin
2025-07-13 10:11:22,855 [INFO] PluginManager:220 - loadIPPluginJar : add linkedlist
2025-07-13 10:11:22,860 [INFO] IPUIPlugin:80 - create IPUIPlugin
2025-07-13 10:11:22,860 [INFO] PluginManager:220 - loadIPPluginJar : add lorawan
2025-07-13 10:11:22,860 [INFO] IPUIPlugin:80 - create IPUIPlugin
2025-07-13 10:11:22,861 [INFO] PluginManager:220 - loadIPPluginJar : add ltdc
2025-07-13 10:11:22,864 [INFO] IPUIPlugin:80 - create IPUIPlugin
2025-07-13 10:11:22,864 [INFO] PluginManager:220 - loadIPPluginJar : add mdma
2025-07-13 10:11:22,867 [INFO] IPUIPlugin:80 - create IPUIPlugin
2025-07-13 10:11:22,867 [INFO] PluginManager:220 - loadIPPluginJar : add nvic
2025-07-13 10:11:22,869 [INFO] IPUIPlugin:80 - create IPUIPlugin
2025-07-13 10:11:22,869 [INFO] PluginManager:220 - loadIPPluginJar : add opamp
2025-07-13 10:11:22,873 [INFO] IPUIPlugin:80 - create IPUIPlugin
2025-07-13 10:11:22,873 [INFO] PluginManager:220 - loadIPPluginJar : add openamp
2025-07-13 10:11:22,875 [INFO] IPUIPlugin:80 - create IPUIPlugin
2025-07-13 10:11:22,875 [INFO] PluginManager:220 - loadIPPluginJar : add pdm2pcm
2025-07-13 10:11:22,881 [INFO] IPUIPlugin:80 - create IPUIPlugin
2025-07-13 10:11:22,883 [INFO] PluginManager:220 - loadIPPluginJar : add plateformsettings
2025-07-13 10:11:22,884 [INFO] IPUIPlugin:80 - create IPUIPlugin
2025-07-13 10:11:22,885 [INFO] PluginManager:220 - loadIPPluginJar : add quadspi
2025-07-13 10:11:22,886 [INFO] IPUIPlugin:80 - create IPUIPlugin
2025-07-13 10:11:22,887 [INFO] PluginManager:220 - loadIPPluginJar : add radio
2025-07-13 10:11:22,890 [INFO] IPUIPlugin:80 - create IPUIPlugin
2025-07-13 10:11:22,890 [INFO] PluginManager:220 - loadIPPluginJar : add resmgrutility
2025-07-13 10:11:22,893 [INFO] IPUIPlugin:80 - create IPUIPlugin
2025-07-13 10:11:22,894 [INFO] PluginManager:220 - loadIPPluginJar : add sai
2025-07-13 10:11:22,896 [INFO] IPUIPlugin:80 - create IPUIPlugin
2025-07-13 10:11:22,896 [INFO] PluginManager:220 - loadIPPluginJar : add spi
2025-07-13 10:11:22,902 [INFO] IPUIPlugin:80 - create IPUIPlugin
2025-07-13 10:11:22,902 [INFO] PluginManager:220 - loadIPPluginJar : add stm32_wpan
2025-07-13 10:11:22,904 [INFO] IPUIPlugin:80 - create IPUIPlugin
2025-07-13 10:11:22,904 [INFO] PluginManager:220 - loadIPPluginJar : add tim
2025-07-13 10:11:22,907 [INFO] IPUIPlugin:80 - create IPUIPlugin
2025-07-13 10:11:22,907 [INFO] PluginManager:220 - loadIPPluginJar : add touchsensing
2025-07-13 10:11:22,909 [INFO] IPUIPlugin:80 - create IPUIPlugin
2025-07-13 10:11:22,909 [INFO] PluginManager:220 - loadIPPluginJar : add tracer_emb
2025-07-13 10:11:22,911 [INFO] IPUIPlugin:80 - create IPUIPlugin
2025-07-13 10:11:22,911 [INFO] PluginManager:220 - loadIPPluginJar : add ts
2025-07-13 10:11:22,912 [INFO] IPUIPlugin:80 - create IPUIPlugin
2025-07-13 10:11:22,912 [INFO] PluginManager:220 - loadIPPluginJar : add tsc
2025-07-13 10:11:22,914 [INFO] IPUIPlugin:80 - create IPUIPlugin
2025-07-13 10:11:22,914 [INFO] PluginManager:220 - loadIPPluginJar : add ucpd
2025-07-13 10:11:22,916 [INFO] IPUIPlugin:80 - create IPUIPlugin
2025-07-13 10:11:22,916 [INFO] PluginManager:220 - loadIPPluginJar : add usart
2025-07-13 10:11:22,920 [INFO] IPUIPlugin:80 - create IPUIPlugin
2025-07-13 10:11:22,920 [INFO] PluginManager:220 - loadIPPluginJar : add usbx
2025-07-13 10:11:23,046 [FATAL] Updater:351 - Updater called before beeing initialized
2025-07-13 10:11:23,084 [INFO] RulesReader:64 - Compatibility file has been processed (302 Rules)
2025-07-13 10:11:23,097 [INFO] RulesReader:64 - Compatibility file has been processed (302 Rules)
2025-07-13 10:11:23,116 [INFO] CADModel:165 - CPN selected for project level
2025-07-13 10:11:23,116 [INFO] CADModel:114 - Register for checkConnection events
2025-07-13 10:11:23,116 [FATAL] Updater:351 - Updater called before beeing initialized
2025-07-13 10:11:23,116 [ERROR] CADModel:125 - Updater not yet initialized, retry later 
2025-07-13 10:11:23,245 [FATAL] Updater:351 - Updater called before beeing initialized
2025-07-13 10:11:23,246 [INFO] CADModel:165 - CPN selected for project level
2025-07-13 10:11:23,246 [INFO] CADModel:114 - Register for checkConnection events
2025-07-13 10:11:23,246 [FATAL] Updater:351 - Updater called before beeing initialized
2025-07-13 10:11:23,246 [ERROR] CADModel:125 - Updater not yet initialized, retry later 
2025-07-13 10:11:23,250 [FATAL] Updater:351 - Updater called before beeing initialized
2025-07-13 10:11:23,353 [FATAL] Updater:351 - Updater called before beeing initialized
2025-07-13 10:11:23,357 [INFO] DbMcusAds:53 - JSON generation date=Thu Jun 19 11:32:34 MSK 2025 (1750321954415)
2025-07-13 10:11:23,358 [FATAL] Updater:351 - Updater called before beeing initialized
2025-07-13 10:11:23,386 [WARN] DetailPanel:346 - Failed to get advertising image, set to default
2025-07-13 10:11:23,606 [FATAL] Updater:351 - Updater called before beeing initialized
2025-07-13 10:11:23,608 [FATAL] Updater:351 - Updater called before beeing initialized
2025-07-13 10:11:23,608 [FATAL] Updater:351 - Updater called before beeing initialized
2025-07-13 10:11:23,609 [WARN] DetailPanel:346 - Failed to get advertising image, set to default
2025-07-13 10:11:23,610 [FATAL] Updater:351 - Updater called before beeing initialized
2025-07-13 10:11:23,678 [ERROR] Updater:1198 - MainUpdater not yet initialized. External WinMGr cannot be set.
2025-07-13 10:11:23,680 [INFO] Updater:1134 - Updater Version found : 6.14.1
2025-07-13 10:11:23,696 [INFO] ApplicationProperties:184 - Using Application install path: C:\ST\STM32CubeIDE_1.18.1\STM32CubeIDE\plugins\com.st.stm32cube.common.mx_6.14.1.202504091515
2025-07-13 10:11:25,269 [ERROR] LogOutputStream:75 - [STDERR_REDIRECT] Jul 13, 2025 10:11:25 AM java.util.prefs.WindowsPreferences <init>
2025-07-13 10:11:25,270 [ERROR] LogOutputStream:75 - [STDERR_REDIRECT] WARNING: Could not open/create prefs root node Software\JavaSoft\Prefs at root 0xffffffff80000002. Windows RegCreateKeyEx(...) returned error code 5.
2025-07-13 10:11:25,270 [ERROR] LogOutputStream:75 - [STDERR_REDIRECT] 
2025-07-13 10:11:25,370 [INFO] ThirdPartyUpdaterWithRetryManager:70 - Updater plugin not ready yet. [2/15]
2025-07-13 10:11:25,663 [ERROR] CheckConnectionManager:249 - Problem, Http access forbiden
2025-07-13 10:11:25,667 [INFO] MainUpdater:2872 - connection check result : 22
2025-07-13 10:11:25,667 [INFO] MainUpdater:289 - Updater Check For Update Now.
2025-07-13 10:11:25,668 [INFO] MicroXplorer:498 - Change Database Version : DB.6.0.141
2025-07-13 10:11:25,679 [INFO] McuFinderGlobals:63 - Set McuFinder mode to 2 (CubeIDE integrated)
2025-07-13 10:11:25,680 [INFO] UserAuth:484 - Internet connection configuration mode: 2
2025-07-13 10:11:25,687 [INFO] UserAuth:484 - Internet connection configuration mode: 2
2025-07-13 10:11:25,877 [INFO] CheckServerUpdateThread:120 - End of CheckServer Thread
2025-07-13 10:11:26,815 [ERROR] LogOutputStream:75 - [STDERR_REDIRECT] [Fatal Error] :1:1: Premature end of file.
2025-07-13 10:11:26,816 [ERROR] LogOutputStream:75 - [STDERR_REDIRECT] 
2025-07-13 10:11:27,815 [ERROR] LogOutputStream:75 - [STDERR_REDIRECT] [Fatal Error] :1:1: Premature end of file.
2025-07-13 10:11:27,815 [ERROR] LogOutputStream:75 - [STDERR_REDIRECT] 
2025-07-13 10:11:28,518 [WARN] PackLoader:240 - Cannot read IP mode file for STMicroelectronics.FP-SNS-MOTENVWB1.1.4.0
2025-07-13 10:11:28,531 [WARN] PackLoader:240 - Cannot read IP mode file for STMicroelectronics.X-CUBE-SMBUS.2.1.0
2025-07-13 10:11:28,567 [WARN] PackLoader:240 - Cannot read IP mode file for STMicroelectronics.X-CUBE-AZRTOS-F7.1.1.0
2025-07-13 10:11:28,602 [WARN] PackLoader:240 - Cannot read IP mode file for Infineon.AIROC-Wi-Fi-Bluetooth-STM32.1.7.1
2025-07-13 10:11:28,628 [WARN] PackLoader:240 - Cannot read IP mode file for STMicroelectronics.X-CUBE-AZRTOS-H7.3.4.0
2025-07-13 10:11:28,641 [WARN] PackLoader:240 - Cannot read IP mode file for STMicroelectronics.X-CUBE-DISPLAY.3.0.0
2025-07-13 10:11:28,655 [WARN] PackLoader:240 - Cannot read IP mode file for STMicroelectronics.X-CUBE-NFC10.1.0.0
2025-07-13 10:11:28,666 [WARN] PackLoader:240 - Cannot read IP mode file for STMicroelectronics.X-CUBE-BLEMGR.4.0.0
2025-07-13 10:11:28,673 [WARN] ConditionMgr:438 - getConditionDescription Invalid condition id : Cortex-A Device cause : null
2025-07-13 10:11:28,694 [WARN] ConditionMgr:1044 - genDependencies : Invalid condition id : Cortex-A Device cause : null
2025-07-13 10:11:28,694 [WARN] ConditionMgr:1044 - genDependencies : Invalid condition id : Cortex-A Device cause : null
2025-07-13 10:11:28,694 [WARN] ConditionMgr:1044 - genDependencies : Invalid condition id : Cortex-A Device cause : null
2025-07-13 10:11:28,698 [WARN] PackLoader:240 - Cannot read IP mode file for STMicroelectronics.FP-SNS-SMARTAG2.1.2.0
2025-07-13 10:11:28,708 [INFO] LogOutputStream:77 - [STDOUT_REDIRECT] 1 : Invalid condition id : UX_CORESTACK_Condition cause : null
2025-07-13 10:11:28,709 [INFO] LogOutputStream:77 - [STDOUT_REDIRECT] 1 : Invalid condition id : UX_CORESTACK_Condition cause : null
2025-07-13 10:11:28,710 [INFO] LogOutputStream:77 - [STDOUT_REDIRECT] 1 : Invalid condition id : UX_CORESTACK_Condition cause : null
2025-07-13 10:11:28,711 [INFO] LogOutputStream:77 - [STDOUT_REDIRECT] 1 : Invalid condition id : UX_CORESTACK_Condition cause : null
2025-07-13 10:11:28,712 [INFO] LogOutputStream:77 - [STDOUT_REDIRECT] 1 : Invalid condition id : UX_CORESTACK_Condition cause : null
2025-07-13 10:11:28,715 [WARN] PackLoader:240 - Cannot read IP mode file for STMicroelectronics.X-CUBE-AZRTOS-WL.2.0.0
2025-07-13 10:11:28,720 [WARN] PackLoader:240 - Cannot read IP mode file for STMicroelectronics.FP-SNS-MOTENV1.5.0.0
2025-07-13 10:11:28,730 [WARN] PackLoader:240 - Cannot read IP mode file for WES.I-CUBE-Cesium.1.3.0
2025-07-13 10:11:28,737 [WARN] PackLoader:240 - Cannot read IP mode file for STMicroelectronics.X-CUBE-BLE2.3.3.0
2025-07-13 10:11:28,742 [WARN] PackLoader:240 - Cannot read IP mode file for STMicroelectronics.X-CUBE-NFC9.1.0.0
2025-07-13 10:11:28,749 [WARN] PackLoader:240 - Cannot read IP mode file for STMicroelectronics.X-CUBE-EEPRMA1.5.2.0
2025-07-13 10:11:28,762 [WARN] PackLoader:240 - Cannot read IP mode file for STMicroelectronics.X-CUBE-AZRTOS-G0.1.1.0
2025-07-13 10:11:28,769 [WARN] PackLoader:240 - Cannot read IP mode file for STMicroelectronics.X-CUBE-SAFEA1.1.2.2
2025-07-13 10:11:28,775 [WARN] PackLoader:240 - Cannot read IP mode file for STMicroelectronics.X-CUBE-NFC4.3.0.0
2025-07-13 10:11:28,784 [WARN] PackLoader:240 - Cannot read IP mode file for EmbeddedOffice.I-CUBE-FS-RTOS.1.0.1
2025-07-13 10:11:28,789 [WARN] PackLoader:240 - Cannot read IP mode file for STMicroelectronics.X-CUBE-TCPP.4.2.0
2025-07-13 10:11:28,795 [WARN] PackLoader:240 - Cannot read IP mode file for RealThread.X-CUBE-RT-Thread_Nano.4.1.1
2025-07-13 10:11:28,800 [WARN] PackLoader:240 - Cannot read IP mode file for STMicroelectronics.FP-ATR-SIGFOX1.3.2.0
2025-07-13 10:11:28,805 [WARN] PackLoader:240 - Cannot read IP mode file for STMicroelectronics.X-CUBE-EEPRMA1.5.1.0
2025-07-13 10:11:28,812 [WARN] PackLoader:240 - Cannot read IP mode file for ITTIA_DB.I-CUBE-ITTIADB.8.9.0
2025-07-13 10:11:28,813 [ERROR] LogOutputStream:75 - [STDERR_REDIRECT] [Fatal Error] :1:1: Premature end of file.
2025-07-13 10:11:28,814 [ERROR] LogOutputStream:75 - [STDERR_REDIRECT] 
2025-07-13 10:11:28,841 [WARN] PackLoader:240 - Cannot read IP mode file for SEGGER.I-CUBE-embOS.1.3.1
2025-07-13 10:11:28,878 [WARN] PackLoader:240 - Cannot read IP mode file for STMicroelectronics.X-CUBE-ALGOBUILD.1.4.0
2025-07-13 10:11:28,893 [WARN] PackLoader:240 - Cannot read IP mode file for STMicroelectronics.X-CUBE-AZRTOS-F4.1.1.0
2025-07-13 10:11:28,901 [WARN] PackLoader:240 - Cannot read IP mode file for Avnet-IotConnect.X-CUBE-IoTC-DA16k-PMOD.1.0.0
2025-07-13 10:11:28,904 [WARN] PackLoader:240 - Cannot read IP mode file for STMicroelectronics.X-CUBE-ISPU.2.1.0
2025-07-13 10:11:28,912 [WARN] PackLoader:240 - Cannot read IP mode file for STMicroelectronics.X-CUBE-NFC12.1.0.0
2025-07-13 10:11:28,927 [WARN] PackLoader:240 - Cannot read IP mode file for STMicroelectronics.X-CUBE-AZRTOS-L5.2.0.0
2025-07-13 10:11:28,935 [WARN] PackLoader:240 - Cannot read IP mode file for STMicroelectronics.X-CUBE-NFC6.3.1.0
2025-07-13 10:11:28,957 [WARN] ConditionMgr:438 - getConditionDescription Invalid condition id : LAN8742 Phy interface Condition cause : null
2025-07-13 10:11:28,957 [WARN] PackLoader:240 - Cannot read IP mode file for STMicroelectronics.X-CUBE-AZRTOS-L4.2.0.0
2025-07-13 10:11:28,958 [WARN] ConditionMgr:1044 - genDependencies : Invalid condition id : LAN8742 Phy interface Condition cause : null
2025-07-13 10:11:28,959 [WARN] ConditionMgr:1044 - genDependencies : Invalid condition id : LAN8742 Phy interface Condition cause : null
2025-07-13 10:11:28,959 [WARN] ConditionMgr:1044 - genDependencies : Invalid condition id : LAN8742 Phy interface Condition cause : null
2025-07-13 10:11:28,966 [WARN] PackLoader:240 - Cannot read IP mode file for STMicroelectronics.X-CUBE-SFXS2LP1.4.0.0
2025-07-13 10:11:28,984 [WARN] PackLoader:240 - Cannot read IP mode file for STMicroelectronics.X-CUBE-AZRTOS-H7.3.3.0
2025-07-13 10:11:28,993 [WARN] ConditionMgr:438 - getConditionDescription Invalid condition id : UX DEVICE CLASS RTOS Condition cause : null
2025-07-13 10:11:28,995 [WARN] ConditionMgr:438 - getConditionDescription Invalid condition id : UX DEVICE CLASS RTOS Condition cause : null
2025-07-13 10:11:28,996 [WARN] PackLoader:240 - Cannot read IP mode file for STMicroelectronics.X-CUBE-AZRTOS-WB.2.0.0
2025-07-13 10:11:28,997 [WARN] ConditionMgr:1044 - genDependencies : Invalid condition id : UX DEVICE CLASS RTOS Condition cause : null
2025-07-13 10:11:28,997 [WARN] ConditionMgr:1044 - genDependencies : Invalid condition id : UX DEVICE CLASS RTOS Condition cause : null
2025-07-13 10:11:28,997 [WARN] ConditionMgr:1044 - genDependencies : Invalid condition id : UX DEVICE CLASS RTOS Condition cause : null
2025-07-13 10:11:28,998 [WARN] ConditionMgr:1044 - genDependencies : Invalid condition id : UX DEVICE CLASS RTOS Condition cause : null
2025-07-13 10:11:28,998 [WARN] ConditionMgr:1044 - genDependencies : Invalid condition id : UX DEVICE CLASS RTOS Condition cause : null
2025-07-13 10:11:29,003 [WARN] PackLoader:240 - Cannot read IP mode file for STMicroelectronics.X-CUBE-GNSS1.7.0.1
2025-07-13 10:11:29,008 [WARN] PackLoader:240 - Cannot read IP mode file for STMicroelectronics.FP-SNS-STBOX1.2.0.0
2025-07-13 10:11:29,017 [WARN] PackLoader:240 - Cannot read IP mode file for STMicroelectronics.X-CUBE-SUBG2.5.0.0
2025-07-13 10:11:29,025 [WARN] PackLoader:240 - Cannot read IP mode file for Cesanta.I-CUBE-Mongoose.7.13.0
2025-07-13 10:11:29,034 [WARN] PackLoader:240 - Cannot read IP mode file for STMicroelectronics.X-CUBE-AZRTOS-G4.2.0.0
2025-07-13 10:11:29,046 [WARN] PackLoader:240 - Cannot read IP mode file for STMicroelectronics.X-CUBE-IPS.3.1.0
2025-07-13 10:11:29,057 [WARN] PackLoader:240 - Cannot read IP mode file for STMicroelectronics.X-CUBE-ALS.1.0.2
2025-07-13 10:11:29,062 [WARN] PackLoader:240 - Cannot read IP mode file for portGmbH.I-Cube-SoM-uGOAL.1.1.0
2025-07-13 10:11:29,066 [INFO] ThirdParty:978 - Integrity check success = true
2025-07-13 10:11:29,066 [INFO] IntegrityCheckThread:100 - exiting critical section [integrity check]
2025-07-13 10:11:29,067 [INFO] IntegrityCheckThread:103 - End integrity checks thread
2025-07-13 10:11:29,807 [ERROR] LogOutputStream:75 - [STDERR_REDIRECT] [Fatal Error] :1:1: Premature end of file.
2025-07-13 10:11:29,807 [ERROR] LogOutputStream:75 - [STDERR_REDIRECT] 
2025-07-13 10:11:30,810 [ERROR] LogOutputStream:75 - [STDERR_REDIRECT] [Fatal Error] :1:1: Premature end of file.
2025-07-13 10:11:30,810 [ERROR] LogOutputStream:75 - [STDERR_REDIRECT] 
2025-07-13 10:11:31,815 [ERROR] LogOutputStream:75 - [STDERR_REDIRECT] [Fatal Error] :1:1: Premature end of file.
2025-07-13 10:11:31,815 [ERROR] LogOutputStream:75 - [STDERR_REDIRECT] 
2025-07-13 10:11:32,811 [ERROR] LogOutputStream:75 - [STDERR_REDIRECT] [Fatal Error] :1:1: Premature end of file.
2025-07-13 10:11:32,812 [ERROR] LogOutputStream:75 - [STDERR_REDIRECT] 
2025-07-13 10:11:33,805 [ERROR] LogOutputStream:75 - [STDERR_REDIRECT] [Fatal Error] :1:1: Premature end of file.
2025-07-13 10:11:33,805 [ERROR] LogOutputStream:75 - [STDERR_REDIRECT] 
2025-07-13 10:11:34,808 [ERROR] LogOutputStream:75 - [STDERR_REDIRECT] [Fatal Error] :1:1: Premature end of file.
2025-07-13 10:11:34,808 [ERROR] LogOutputStream:75 - [STDERR_REDIRECT] 
2025-07-13 10:11:35,810 [ERROR] LogOutputStream:75 - [STDERR_REDIRECT] [Fatal Error] :1:1: Premature end of file.
2025-07-13 10:11:35,810 [ERROR] LogOutputStream:75 - [STDERR_REDIRECT] 
2025-07-13 10:11:36,806 [ERROR] LogOutputStream:75 - [STDERR_REDIRECT] [Fatal Error] :1:1: Premature end of file.
2025-07-13 10:11:36,806 [ERROR] LogOutputStream:75 - [STDERR_REDIRECT] 
2025-07-13 10:11:37,819 [ERROR] LogOutputStream:75 - [STDERR_REDIRECT] [Fatal Error] :1:1: Premature end of file.
2025-07-13 10:11:37,819 [ERROR] LogOutputStream:75 - [STDERR_REDIRECT] 
2025-07-13 10:11:38,810 [ERROR] LogOutputStream:75 - [STDERR_REDIRECT] [Fatal Error] :1:1: Premature end of file.
2025-07-13 10:11:38,810 [ERROR] LogOutputStream:75 - [STDERR_REDIRECT] 
2025-07-13 10:11:39,804 [ERROR] LogOutputStream:75 - [STDERR_REDIRECT] 
